==1377445== Memcheck, a memory error detector
==1377445== Copyright (C) 2002-2017, and GNU GPL'd, by Julian Seward et al.
==1377445== Using Valgrind-3.15.0-608cb11914-20190413 and LibVEX; rerun with -h for copyright info
==1377445== Command: ./fdf test_maps/42.fdf
==1377445== Parent PID: 1377441
==1377445== 
--1377445-- 
--1377445-- Valgrind options:
--1377445--    --show-leak-kinds=all
--1377445--    --leak-check=full
--1377445--    --track-fds=yes
--1377445--    --verbose
--1377445--    --show-mismatched-frees=yes
--1377445--    --log-file=valgrind-out.log
--1377445-- Contents of /proc/version:
--1377445--   Linux version 5.4.0-137-generic (buildd@lcy02-amd64-009) (gcc version 9.4.0 (Ubuntu 9.4.0-1ubuntu1~20.04.1)) #154-Ubuntu SMP Thu Jan 5 17:03:22 UTC 2023
--1377445-- 
--1377445-- Arch and hwcaps: AMD64, LittleEndian, amd64-cx16-lzcnt-rdtscp-sse3-ssse3-avx-avx2-bmi-f16c-rdrand
--1377445-- Page sizes: currently 4096, max supported 4096
--1377445-- Valgrind library directory: /usr/lib/x86_64-linux-gnu/valgrind
--1377445-- Reading syms from /nfs/homes/aucaland/Documents/tronc_commun/fdf2/fdf
--1377445-- Reading syms from /usr/lib/x86_64-linux-gnu/ld-2.31.so
--1377445--   Considering /usr/lib/debug/.build-id/45/87364908de169dec62ffa538170118c1c3a078.debug ..
--1377445--   .. build-id is valid
--1377445-- Reading syms from /usr/lib/x86_64-linux-gnu/valgrind/memcheck-amd64-linux
--1377445--    object doesn't have a symbol table
--1377445--    object doesn't have a dynamic symbol table
--1377445-- Scheduler: using generic scheduler lock implementation.
--1377445-- Reading suppressions file: /usr/lib/x86_64-linux-gnu/valgrind/default.supp
==1377445== embedded gdbserver: reading from /tmp/vgdb-pipe-from-vgdb-to-1377445-by-aucaland-on-???
==1377445== embedded gdbserver: writing to   /tmp/vgdb-pipe-to-vgdb-from-1377445-by-aucaland-on-???
==1377445== embedded gdbserver: shared mem   /tmp/vgdb-pipe-shared-mem-vgdb-1377445-by-aucaland-on-???
==1377445== 
==1377445== TO CONTROL THIS PROCESS USING vgdb (which you probably
==1377445== don't want to do, unless you know exactly what you're doing,
==1377445== or are doing some strange experiment):
==1377445==   /usr/lib/x86_64-linux-gnu/valgrind/../../bin/vgdb --pid=1377445 ...command...
==1377445== 
==1377445== TO DEBUG THIS PROCESS USING GDB: start GDB like this
==1377445==   /path/to/gdb ./fdf
==1377445== and then give GDB the following command
==1377445==   target remote | /usr/lib/x86_64-linux-gnu/valgrind/../../bin/vgdb --pid=1377445
==1377445== --pid is optional if only one valgrind process is running
==1377445== 
--1377445-- REDIR: 0x4022e20 (ld-linux-x86-64.so.2:strlen) redirected to 0x580c9ce2 (???)
--1377445-- REDIR: 0x4022bf0 (ld-linux-x86-64.so.2:index) redirected to 0x580c9cfc (???)
--1377445-- Reading syms from /usr/lib/x86_64-linux-gnu/valgrind/vgpreload_core-amd64-linux.so
--1377445--    object doesn't have a symbol table
--1377445-- Reading syms from /usr/lib/x86_64-linux-gnu/valgrind/vgpreload_memcheck-amd64-linux.so
--1377445--    object doesn't have a symbol table
==1377445== WARNING: new redirection conflicts with existing -- ignoring it
--1377445--     old: 0x04022e20 (strlen              ) R-> (0000.0) 0x580c9ce2 ???
--1377445--     new: 0x04022e20 (strlen              ) R-> (2007.0) 0x0483f060 strlen
--1377445-- REDIR: 0x401f600 (ld-linux-x86-64.so.2:strcmp) redirected to 0x483ffd0 (strcmp)
--1377445-- REDIR: 0x4023380 (ld-linux-x86-64.so.2:mempcpy) redirected to 0x4843a20 (mempcpy)
--1377445-- Reading syms from /usr/lib/x86_64-linux-gnu/libXext.so.6.4.0
--1377445--   Considering /usr/lib/x86_64-linux-gnu/libXext.so.6.4.0 ..
--1377445--   .. CRC mismatch (computed 7e27e1ef wanted 4ab025b2)
--1377445--   Considering /lib/x86_64-linux-gnu/libXext.so.6.4.0 ..
--1377445--   .. CRC mismatch (computed 7e27e1ef wanted 4ab025b2)
--1377445--    object doesn't have a symbol table
--1377445-- Reading syms from /usr/lib/x86_64-linux-gnu/libX11.so.6.3.0
--1377445--    object doesn't have a symbol table
--1377445-- Reading syms from /usr/lib/x86_64-linux-gnu/libm-2.31.so
--1377445--   Considering /usr/lib/debug/.build-id/fe/91b4090ea04c1559ff71dd9290062776618891.debug ..
--1377445--   .. build-id is valid
--1377445-- Reading syms from /usr/lib/x86_64-linux-gnu/libc-2.31.so
--1377445--   Considering /usr/lib/debug/.build-id/18/78e6b475720c7c51969e69ab2d276fae6d1dee.debug ..
--1377445--   .. build-id is valid
--1377445-- Reading syms from /usr/lib/x86_64-linux-gnu/libxcb.so.1.1.0
--1377445--    object doesn't have a symbol table
--1377445-- Reading syms from /usr/lib/x86_64-linux-gnu/libdl-2.31.so
--1377445--   Considering /usr/lib/debug/.build-id/c0/f40155b3f8bf8c494fa800f9ab197ebe20ed6e.debug ..
--1377445--   .. build-id is valid
--1377445-- Reading syms from /usr/lib/x86_64-linux-gnu/libXau.so.6.0.0
--1377445--   Considering /usr/lib/x86_64-linux-gnu/libXau.so.6.0.0 ..
--1377445--   .. CRC mismatch (computed 7de9b6ad wanted e8a17129)
--1377445--   Considering /lib/x86_64-linux-gnu/libXau.so.6.0.0 ..
--1377445--   .. CRC mismatch (computed 7de9b6ad wanted e8a17129)
--1377445--    object doesn't have a symbol table
--1377445-- Reading syms from /usr/lib/x86_64-linux-gnu/libXdmcp.so.6.0.0
--1377445--    object doesn't have a symbol table
--1377445-- Reading syms from /usr/lib/x86_64-linux-gnu/libbsd.so.0.10.0
--1377445--    object doesn't have a symbol table
--1377445-- REDIR: 0x4ba3480 (libc.so.6:memmove) redirected to 0x48311d0 (_vgnU_ifunc_wrapper)
--1377445-- REDIR: 0x4ba2780 (libc.so.6:strncpy) redirected to 0x48311d0 (_vgnU_ifunc_wrapper)
--1377445-- REDIR: 0x4ba37b0 (libc.so.6:strcasecmp) redirected to 0x48311d0 (_vgnU_ifunc_wrapper)
--1377445-- REDIR: 0x4ba20a0 (libc.so.6:strcat) redirected to 0x48311d0 (_vgnU_ifunc_wrapper)
--1377445-- REDIR: 0x4ba27e0 (libc.so.6:rindex) redirected to 0x48311d0 (_vgnU_ifunc_wrapper)
--1377445-- REDIR: 0x4ba4c50 (libc.so.6:rawmemchr) redirected to 0x48311d0 (_vgnU_ifunc_wrapper)
--1377445-- REDIR: 0x4bbfce0 (libc.so.6:wmemchr) redirected to 0x48311d0 (_vgnU_ifunc_wrapper)
--1377445-- REDIR: 0x4bbf820 (libc.so.6:wcscmp) redirected to 0x48311d0 (_vgnU_ifunc_wrapper)
--1377445-- REDIR: 0x4ba35e0 (libc.so.6:mempcpy) redirected to 0x48311d0 (_vgnU_ifunc_wrapper)
--1377445-- REDIR: 0x4ba3410 (libc.so.6:bcmp) redirected to 0x48311d0 (_vgnU_ifunc_wrapper)
--1377445-- REDIR: 0x4ba2710 (libc.so.6:strncmp) redirected to 0x48311d0 (_vgnU_ifunc_wrapper)
--1377445-- REDIR: 0x4ba2150 (libc.so.6:strcmp) redirected to 0x48311d0 (_vgnU_ifunc_wrapper)
--1377445-- REDIR: 0x4ba3540 (libc.so.6:memset) redirected to 0x48311d0 (_vgnU_ifunc_wrapper)
--1377445-- REDIR: 0x4bbf7e0 (libc.so.6:wcschr) redirected to 0x48311d0 (_vgnU_ifunc_wrapper)
--1377445-- REDIR: 0x4ba2670 (libc.so.6:strnlen) redirected to 0x48311d0 (_vgnU_ifunc_wrapper)
--1377445-- REDIR: 0x4ba2230 (libc.so.6:strcspn) redirected to 0x48311d0 (_vgnU_ifunc_wrapper)
--1377445-- REDIR: 0x4ba3800 (libc.so.6:strncasecmp) redirected to 0x48311d0 (_vgnU_ifunc_wrapper)
--1377445-- REDIR: 0x4ba21d0 (libc.so.6:strcpy) redirected to 0x48311d0 (_vgnU_ifunc_wrapper)
--1377445-- REDIR: 0x4ba3950 (libc.so.6:memcpy@@GLIBC_2.14) redirected to 0x48311d0 (_vgnU_ifunc_wrapper)
--1377445-- REDIR: 0x4bc0f50 (libc.so.6:wcsnlen) redirected to 0x48311d0 (_vgnU_ifunc_wrapper)
--1377445-- REDIR: 0x4bbf860 (libc.so.6:wcscpy) redirected to 0x48311d0 (_vgnU_ifunc_wrapper)
--1377445-- REDIR: 0x4ba2820 (libc.so.6:strpbrk) redirected to 0x48311d0 (_vgnU_ifunc_wrapper)
--1377445-- REDIR: 0x4ba2100 (libc.so.6:index) redirected to 0x48311d0 (_vgnU_ifunc_wrapper)
--1377445-- REDIR: 0x4ba2630 (libc.so.6:strlen) redirected to 0x48311d0 (_vgnU_ifunc_wrapper)
--1377445-- REDIR: 0x4babbb0 (libc.so.6:memrchr) redirected to 0x48311d0 (_vgnU_ifunc_wrapper)
--1377445-- REDIR: 0x4ba3850 (libc.so.6:strcasecmp_l) redirected to 0x48311d0 (_vgnU_ifunc_wrapper)
--1377445-- REDIR: 0x4ba33d0 (libc.so.6:memchr) redirected to 0x48311d0 (_vgnU_ifunc_wrapper)
--1377445-- REDIR: 0x4bbf930 (libc.so.6:wcslen) redirected to 0x48311d0 (_vgnU_ifunc_wrapper)
--1377445-- REDIR: 0x4ba2ae0 (libc.so.6:strspn) redirected to 0x48311d0 (_vgnU_ifunc_wrapper)
--1377445-- REDIR: 0x4ba3750 (libc.so.6:stpncpy) redirected to 0x48311d0 (_vgnU_ifunc_wrapper)
--1377445-- REDIR: 0x4ba36f0 (libc.so.6:stpcpy) redirected to 0x48311d0 (_vgnU_ifunc_wrapper)
--1377445-- REDIR: 0x4ba4c90 (libc.so.6:strchrnul) redirected to 0x48311d0 (_vgnU_ifunc_wrapper)
--1377445-- REDIR: 0x4ba38a0 (libc.so.6:strncasecmp_l) redirected to 0x48311d0 (_vgnU_ifunc_wrapper)
--1377445-- REDIR: 0x4c8b500 (libc.so.6:__strrchr_avx2) redirected to 0x483ea10 (rindex)
--1377445-- REDIR: 0x4b9d0e0 (libc.so.6:malloc) redirected to 0x483b780 (malloc)
--1377445-- REDIR: 0x4b9d6d0 (libc.so.6:free) redirected to 0x483c9d0 (free)
--1377445-- REDIR: 0x4c8b6d0 (libc.so.6:__strlen_avx2) redirected to 0x483ef40 (strlen)
--1377445-- REDIR: 0x4c87010 (libc.so.6:__strncmp_avx2) redirected to 0x483f670 (strncmp)
--1377445-- REDIR: 0x4b9eb10 (libc.so.6:calloc) redirected to 0x483dce0 (calloc)
--1377445-- REDIR: 0x4c8e6e0 (libc.so.6:__memcpy_avx_unaligned_erms) redirected to 0x48429f0 (memmove)
--1377445-- REDIR: 0x4c8b310 (libc.so.6:__strchrnul_avx2) redirected to 0x4843540 (strchrnul)
--1377445-- REDIR: 0x4c30c00 (libc.so.6:__strcpy_chk) redirected to 0x48435c0 (__strcpy_chk)
--1377445-- REDIR: 0x4ba2fa0 (libc.so.6:__GI_strstr) redirected to 0x4843ca0 (__strstr_sse2)
--1377445-- REDIR: 0x4c8eb60 (libc.so.6:__memset_avx2_unaligned_erms) redirected to 0x48428e0 (memset)
--1377445-- REDIR: 0x4c87cc0 (libc.so.6:__memcmp_avx2_movbe) redirected to 0x48421e0 (bcmp)
--1377445-- REDIR: 0x4b9de80 (libc.so.6:realloc) redirected to 0x483df30 (realloc)
--1377445-- REDIR: 0x4c8cfa0 (libc.so.6:__strncpy_avx2) redirected to 0x483f230 (strncpy)
--1377445-- REDIR: 0x4c8cc10 (libc.so.6:__strcpy_avx2) redirected to 0x483f090 (strcpy)
==1377445== 
==1377445== FILE DESCRIPTORS: 5 open at exit.
==1377445== Open AF_UNIX socket 4: <unknown>
==1377445==    at 0x4C237AB: socket (syscall-template.S:78)
==1377445==    by 0x4D0439D: ??? (in /usr/lib/x86_64-linux-gnu/libxcb.so.1.1.0)
==1377445==    by 0x4D0488B: xcb_connect_to_display_with_auth_info (in /usr/lib/x86_64-linux-gnu/libxcb.so.1.1.0)
==1377445==    by 0x48B4D29: _XConnectXCB (in /usr/lib/x86_64-linux-gnu/libX11.so.6.3.0)
==1377445==    by 0x48A53A8: XOpenDisplay (in /usr/lib/x86_64-linux-gnu/libX11.so.6.3.0)
==1377445==    by 0x10EEB7: mlx_init (in /nfs/homes/aucaland/Documents/tronc_commun/fdf2/fdf)
==1377445==    by 0x10AB6E: init_mlx (in /nfs/homes/aucaland/Documents/tronc_commun/fdf2/fdf)
==1377445==    by 0x10A8D2: main (in /nfs/homes/aucaland/Documents/tronc_commun/fdf2/fdf)
==1377445== 
==1377445== Open file descriptor 3: /nfs/homes/aucaland/Documents/tronc_commun/fdf2/valgrind-out.log
==1377445==    <inherited from parent>
==1377445== 
==1377445== Open file descriptor 2: /dev/pts/3
==1377445==    <inherited from parent>
==1377445== 
==1377445== Open file descriptor 1: /dev/pts/3
==1377445==    <inherited from parent>
==1377445== 
==1377445== Open file descriptor 0: /dev/pts/3
==1377445==    <inherited from parent>
==1377445== 
==1377445== 
==1377445== HEAP SUMMARY:
==1377445==     in use at exit: 101,357 bytes in 105 blocks
==1377445==   total heap usage: 2,315 allocs, 2,210 frees, 177,490 bytes allocated
==1377445== 
==1377445== Searching for pointers to 105 not-freed blocks
==1377445== Checked 221,048 bytes
==1377445== 
==1377445== 3 bytes in 1 blocks are still reachable in loss record 1 of 52
==1377445==    at 0x483B7F3: malloc (in /usr/lib/x86_64-linux-gnu/valgrind/vgpreload_memcheck-amd64-linux.so)
==1377445==    by 0x4BA238E: strdup (strdup.c:42)
==1377445==    by 0x48A5385: XOpenDisplay (in /usr/lib/x86_64-linux-gnu/libX11.so.6.3.0)
==1377445==    by 0x10EEB7: mlx_init (in /nfs/homes/aucaland/Documents/tronc_commun/fdf2/fdf)
==1377445==    by 0x10AB6E: init_mlx (in /nfs/homes/aucaland/Documents/tronc_commun/fdf2/fdf)
==1377445==    by 0x10A8D2: main (in /nfs/homes/aucaland/Documents/tronc_commun/fdf2/fdf)
==1377445== 
==1377445== 8 bytes in 1 blocks are still reachable in loss record 2 of 52
==1377445==    at 0x483B7F3: malloc (in /usr/lib/x86_64-linux-gnu/valgrind/vgpreload_memcheck-amd64-linux.so)
==1377445==    by 0x4BA238E: strdup (strdup.c:42)
==1377445==    by 0x489F25E: XInitExtension (in /usr/lib/x86_64-linux-gnu/libX11.so.6.3.0)
==1377445==    by 0x48703F0: XextAddDisplay (in /usr/lib/x86_64-linux-gnu/libXext.so.6.4.0)
==1377445==    by 0x486B7B2: XShmQueryVersion (in /usr/lib/x86_64-linux-gnu/libXext.so.6.4.0)
==1377445==    by 0x10ECC3: mlx_int_deal_shm (in /nfs/homes/aucaland/Documents/tronc_commun/fdf2/fdf)
==1377445==    by 0x10EF65: mlx_init (in /nfs/homes/aucaland/Documents/tronc_commun/fdf2/fdf)
==1377445==    by 0x10AB6E: init_mlx (in /nfs/homes/aucaland/Documents/tronc_commun/fdf2/fdf)
==1377445==    by 0x10A8D2: main (in /nfs/homes/aucaland/Documents/tronc_commun/fdf2/fdf)
==1377445== 
==1377445== 8 bytes in 1 blocks are still reachable in loss record 3 of 52
==1377445==    at 0x483B7F3: malloc (in /usr/lib/x86_64-linux-gnu/valgrind/vgpreload_memcheck-amd64-linux.so)
==1377445==    by 0x4870144: ??? (in /usr/lib/x86_64-linux-gnu/libXext.so.6.4.0)
==1377445==    by 0x48701AE: ??? (in /usr/lib/x86_64-linux-gnu/libXext.so.6.4.0)
==1377445==    by 0x48705A2: XextAddDisplay (in /usr/lib/x86_64-linux-gnu/libXext.so.6.4.0)
==1377445==    by 0x486B7B2: XShmQueryVersion (in /usr/lib/x86_64-linux-gnu/libXext.so.6.4.0)
==1377445==    by 0x10ECC3: mlx_int_deal_shm (in /nfs/homes/aucaland/Documents/tronc_commun/fdf2/fdf)
==1377445==    by 0x10EF65: mlx_init (in /nfs/homes/aucaland/Documents/tronc_commun/fdf2/fdf)
==1377445==    by 0x10AB6E: init_mlx (in /nfs/homes/aucaland/Documents/tronc_commun/fdf2/fdf)
==1377445==    by 0x10A8D2: main (in /nfs/homes/aucaland/Documents/tronc_commun/fdf2/fdf)
==1377445== 
==1377445== 10 bytes in 1 blocks are still reachable in loss record 4 of 52
==1377445==    at 0x483B7F3: malloc (in /usr/lib/x86_64-linux-gnu/valgrind/vgpreload_memcheck-amd64-linux.so)
==1377445==    by 0x4BA238E: strdup (strdup.c:42)
==1377445==    by 0x489F25E: XInitExtension (in /usr/lib/x86_64-linux-gnu/libX11.so.6.3.0)
==1377445==    by 0x490BC43: XkbUseExtension (in /usr/lib/x86_64-linux-gnu/libX11.so.6.3.0)
==1377445==    by 0x48A5E19: XOpenDisplay (in /usr/lib/x86_64-linux-gnu/libX11.so.6.3.0)
==1377445==    by 0x10EEB7: mlx_init (in /nfs/homes/aucaland/Documents/tronc_commun/fdf2/fdf)
==1377445==    by 0x10AB6E: init_mlx (in /nfs/homes/aucaland/Documents/tronc_commun/fdf2/fdf)
==1377445==    by 0x10A8D2: main (in /nfs/homes/aucaland/Documents/tronc_commun/fdf2/fdf)
==1377445== 
==1377445== 16 bytes in 1 blocks are still reachable in loss record 5 of 52
==1377445==    at 0x483B7F3: malloc (in /usr/lib/x86_64-linux-gnu/valgrind/vgpreload_memcheck-amd64-linux.so)
==1377445==    by 0x4D03F81: ??? (in /usr/lib/x86_64-linux-gnu/libxcb.so.1.1.0)
==1377445==    by 0x4D023FB: ??? (in /usr/lib/x86_64-linux-gnu/libxcb.so.1.1.0)
==1377445==    by 0x4D008F5: xcb_connect_to_fd (in /usr/lib/x86_64-linux-gnu/libxcb.so.1.1.0)
==1377445==    by 0x4D04B72: xcb_connect_to_display_with_auth_info (in /usr/lib/x86_64-linux-gnu/libxcb.so.1.1.0)
==1377445==    by 0x48B4D29: _XConnectXCB (in /usr/lib/x86_64-linux-gnu/libX11.so.6.3.0)
==1377445==    by 0x48A53A8: XOpenDisplay (in /usr/lib/x86_64-linux-gnu/libX11.so.6.3.0)
==1377445==    by 0x10EEB7: mlx_init (in /nfs/homes/aucaland/Documents/tronc_commun/fdf2/fdf)
==1377445==    by 0x10AB6E: init_mlx (in /nfs/homes/aucaland/Documents/tronc_commun/fdf2/fdf)
==1377445==    by 0x10A8D2: main (in /nfs/homes/aucaland/Documents/tronc_commun/fdf2/fdf)
==1377445== 
==1377445== 21 bytes in 1 blocks are still reachable in loss record 6 of 52
==1377445==    at 0x483B7F3: malloc (in /usr/lib/x86_64-linux-gnu/valgrind/vgpreload_memcheck-amd64-linux.so)
==1377445==    by 0x48A583C: XOpenDisplay (in /usr/lib/x86_64-linux-gnu/libX11.so.6.3.0)
==1377445==    by 0x10EEB7: mlx_init (in /nfs/homes/aucaland/Documents/tronc_commun/fdf2/fdf)
==1377445==    by 0x10AB6E: init_mlx (in /nfs/homes/aucaland/Documents/tronc_commun/fdf2/fdf)
==1377445==    by 0x10A8D2: main (in /nfs/homes/aucaland/Documents/tronc_commun/fdf2/fdf)
==1377445== 
==1377445== 24 bytes in 1 blocks are still reachable in loss record 7 of 52
==1377445==    at 0x483B7F3: malloc (in /usr/lib/x86_64-linux-gnu/valgrind/vgpreload_memcheck-amd64-linux.so)
==1377445==    by 0x4870351: XextCreateExtension (in /usr/lib/x86_64-linux-gnu/libXext.so.6.4.0)
==1377445==    by 0x486FE1C: ??? (in /usr/lib/x86_64-linux-gnu/libXext.so.6.4.0)
==1377445==    by 0x487019B: ??? (in /usr/lib/x86_64-linux-gnu/libXext.so.6.4.0)
==1377445==    by 0x48705A2: XextAddDisplay (in /usr/lib/x86_64-linux-gnu/libXext.so.6.4.0)
==1377445==    by 0x486B7B2: XShmQueryVersion (in /usr/lib/x86_64-linux-gnu/libXext.so.6.4.0)
==1377445==    by 0x10ECC3: mlx_int_deal_shm (in /nfs/homes/aucaland/Documents/tronc_commun/fdf2/fdf)
==1377445==    by 0x10EF65: mlx_init (in /nfs/homes/aucaland/Documents/tronc_commun/fdf2/fdf)
==1377445==    by 0x10AB6E: init_mlx (in /nfs/homes/aucaland/Documents/tronc_commun/fdf2/fdf)
==1377445==    by 0x10A8D2: main (in /nfs/homes/aucaland/Documents/tronc_commun/fdf2/fdf)
==1377445== 
==1377445== 24 bytes in 1 blocks are still reachable in loss record 8 of 52
==1377445==    at 0x483B7F3: malloc (in /usr/lib/x86_64-linux-gnu/valgrind/vgpreload_memcheck-amd64-linux.so)
==1377445==    by 0x4BA238E: strdup (strdup.c:42)
==1377445==    by 0x489F25E: XInitExtension (in /usr/lib/x86_64-linux-gnu/libX11.so.6.3.0)
==1377445==    by 0x48703F0: XextAddDisplay (in /usr/lib/x86_64-linux-gnu/libXext.so.6.4.0)
==1377445==    by 0x486FE5A: ??? (in /usr/lib/x86_64-linux-gnu/libXext.so.6.4.0)
==1377445==    by 0x487019B: ??? (in /usr/lib/x86_64-linux-gnu/libXext.so.6.4.0)
==1377445==    by 0x48705A2: XextAddDisplay (in /usr/lib/x86_64-linux-gnu/libXext.so.6.4.0)
==1377445==    by 0x486B7B2: XShmQueryVersion (in /usr/lib/x86_64-linux-gnu/libXext.so.6.4.0)
==1377445==    by 0x10ECC3: mlx_int_deal_shm (in /nfs/homes/aucaland/Documents/tronc_commun/fdf2/fdf)
==1377445==    by 0x10EF65: mlx_init (in /nfs/homes/aucaland/Documents/tronc_commun/fdf2/fdf)
==1377445==    by 0x10AB6E: init_mlx (in /nfs/homes/aucaland/Documents/tronc_commun/fdf2/fdf)
==1377445==    by 0x10A8D2: main (in /nfs/homes/aucaland/Documents/tronc_commun/fdf2/fdf)
==1377445== 
==1377445== 24 bytes in 1 blocks are still reachable in loss record 9 of 52
==1377445==    at 0x483B7F3: malloc (in /usr/lib/x86_64-linux-gnu/valgrind/vgpreload_memcheck-amd64-linux.so)
==1377445==    by 0x48701CD: ??? (in /usr/lib/x86_64-linux-gnu/libXext.so.6.4.0)
==1377445==    by 0x48705A2: XextAddDisplay (in /usr/lib/x86_64-linux-gnu/libXext.so.6.4.0)
==1377445==    by 0x486B7B2: XShmQueryVersion (in /usr/lib/x86_64-linux-gnu/libXext.so.6.4.0)
==1377445==    by 0x10ECC3: mlx_int_deal_shm (in /nfs/homes/aucaland/Documents/tronc_commun/fdf2/fdf)
==1377445==    by 0x10EF65: mlx_init (in /nfs/homes/aucaland/Documents/tronc_commun/fdf2/fdf)
==1377445==    by 0x10AB6E: init_mlx (in /nfs/homes/aucaland/Documents/tronc_commun/fdf2/fdf)
==1377445==    by 0x10A8D2: main (in /nfs/homes/aucaland/Documents/tronc_commun/fdf2/fdf)
==1377445== 
==1377445== 29 bytes in 1 blocks are still reachable in loss record 10 of 52
==1377445==    at 0x483B7F3: malloc (in /usr/lib/x86_64-linux-gnu/valgrind/vgpreload_memcheck-amd64-linux.so)
==1377445==    by 0x48A014D: _XUpdateAtomCache (in /usr/lib/x86_64-linux-gnu/libX11.so.6.3.0)
==1377445==    by 0x48A0519: XInternAtom (in /usr/lib/x86_64-linux-gnu/libX11.so.6.3.0)
==1377445==    by 0x10EF56: mlx_init (in /nfs/homes/aucaland/Documents/tronc_commun/fdf2/fdf)
==1377445==    by 0x10AB6E: init_mlx (in /nfs/homes/aucaland/Documents/tronc_commun/fdf2/fdf)
==1377445==    by 0x10A8D2: main (in /nfs/homes/aucaland/Documents/tronc_commun/fdf2/fdf)
==1377445== 
==1377445== 32 bytes in 1 blocks are still reachable in loss record 11 of 52
==1377445==    at 0x483B723: malloc (in /usr/lib/x86_64-linux-gnu/valgrind/vgpreload_memcheck-amd64-linux.so)
==1377445==    by 0x483E017: realloc (in /usr/lib/x86_64-linux-gnu/valgrind/vgpreload_memcheck-amd64-linux.so)
==1377445==    by 0x4D03B9E: ??? (in /usr/lib/x86_64-linux-gnu/libxcb.so.1.1.0)
==1377445==    by 0x4D03C2B: xcb_get_extension_data (in /usr/lib/x86_64-linux-gnu/libxcb.so.1.1.0)
==1377445==    by 0x4D0113E: xcb_prefetch_maximum_request_length (in /usr/lib/x86_64-linux-gnu/libxcb.so.1.1.0)
==1377445==    by 0x4D011B4: xcb_get_maximum_request_length (in /usr/lib/x86_64-linux-gnu/libxcb.so.1.1.0)
==1377445==    by 0x48A5CD8: XOpenDisplay (in /usr/lib/x86_64-linux-gnu/libX11.so.6.3.0)
==1377445==    by 0x10EEB7: mlx_init (in /nfs/homes/aucaland/Documents/tronc_commun/fdf2/fdf)
==1377445==    by 0x10AB6E: init_mlx (in /nfs/homes/aucaland/Documents/tronc_commun/fdf2/fdf)
==1377445==    by 0x10A8D2: main (in /nfs/homes/aucaland/Documents/tronc_commun/fdf2/fdf)
==1377445== 
==1377445== 32 bytes in 1 blocks are still reachable in loss record 12 of 52
==1377445==    at 0x483B7F3: malloc (in /usr/lib/x86_64-linux-gnu/valgrind/vgpreload_memcheck-amd64-linux.so)
==1377445==    by 0x4D030C5: ??? (in /usr/lib/x86_64-linux-gnu/libxcb.so.1.1.0)
==1377445==    by 0x4D00E9E: ??? (in /usr/lib/x86_64-linux-gnu/libxcb.so.1.1.0)
==1377445==    by 0x4D0261E: ??? (in /usr/lib/x86_64-linux-gnu/libxcb.so.1.1.0)
==1377445==    by 0x4D02734: xcb_wait_for_reply (in /usr/lib/x86_64-linux-gnu/libxcb.so.1.1.0)
==1377445==    by 0x4D03C82: xcb_get_extension_data (in /usr/lib/x86_64-linux-gnu/libxcb.so.1.1.0)
==1377445==    by 0x4D0113E: xcb_prefetch_maximum_request_length (in /usr/lib/x86_64-linux-gnu/libxcb.so.1.1.0)
==1377445==    by 0x4D011B4: xcb_get_maximum_request_length (in /usr/lib/x86_64-linux-gnu/libxcb.so.1.1.0)
==1377445==    by 0x48A5CD8: XOpenDisplay (in /usr/lib/x86_64-linux-gnu/libX11.so.6.3.0)
==1377445==    by 0x10EEB7: mlx_init (in /nfs/homes/aucaland/Documents/tronc_commun/fdf2/fdf)
==1377445==    by 0x10AB6E: init_mlx (in /nfs/homes/aucaland/Documents/tronc_commun/fdf2/fdf)
==1377445==    by 0x10A8D2: main (in /nfs/homes/aucaland/Documents/tronc_commun/fdf2/fdf)
==1377445== 
==1377445== 32 bytes in 1 blocks are still reachable in loss record 13 of 52
==1377445==    at 0x483B7F3: malloc (in /usr/lib/x86_64-linux-gnu/valgrind/vgpreload_memcheck-amd64-linux.so)
==1377445==    by 0x48703CF: XextAddDisplay (in /usr/lib/x86_64-linux-gnu/libXext.so.6.4.0)
==1377445==    by 0x486B7B2: XShmQueryVersion (in /usr/lib/x86_64-linux-gnu/libXext.so.6.4.0)
==1377445==    by 0x10ECC3: mlx_int_deal_shm (in /nfs/homes/aucaland/Documents/tronc_commun/fdf2/fdf)
==1377445==    by 0x10EF65: mlx_init (in /nfs/homes/aucaland/Documents/tronc_commun/fdf2/fdf)
==1377445==    by 0x10AB6E: init_mlx (in /nfs/homes/aucaland/Documents/tronc_commun/fdf2/fdf)
==1377445==    by 0x10A8D2: main (in /nfs/homes/aucaland/Documents/tronc_commun/fdf2/fdf)
==1377445== 
==1377445== 32 bytes in 1 blocks are still reachable in loss record 14 of 52
==1377445==    at 0x483B7F3: malloc (in /usr/lib/x86_64-linux-gnu/valgrind/vgpreload_memcheck-amd64-linux.so)
==1377445==    by 0x48703CF: XextAddDisplay (in /usr/lib/x86_64-linux-gnu/libXext.so.6.4.0)
==1377445==    by 0x486FE5A: ??? (in /usr/lib/x86_64-linux-gnu/libXext.so.6.4.0)
==1377445==    by 0x487019B: ??? (in /usr/lib/x86_64-linux-gnu/libXext.so.6.4.0)
==1377445==    by 0x48705A2: XextAddDisplay (in /usr/lib/x86_64-linux-gnu/libXext.so.6.4.0)
==1377445==    by 0x486B7B2: XShmQueryVersion (in /usr/lib/x86_64-linux-gnu/libXext.so.6.4.0)
==1377445==    by 0x10ECC3: mlx_int_deal_shm (in /nfs/homes/aucaland/Documents/tronc_commun/fdf2/fdf)
==1377445==    by 0x10EF65: mlx_init (in /nfs/homes/aucaland/Documents/tronc_commun/fdf2/fdf)
==1377445==    by 0x10AB6E: init_mlx (in /nfs/homes/aucaland/Documents/tronc_commun/fdf2/fdf)
==1377445==    by 0x10A8D2: main (in /nfs/homes/aucaland/Documents/tronc_commun/fdf2/fdf)
==1377445== 
==1377445== 33 bytes in 1 blocks are still reachable in loss record 15 of 52
==1377445==    at 0x483B7F3: malloc (in /usr/lib/x86_64-linux-gnu/valgrind/vgpreload_memcheck-amd64-linux.so)
==1377445==    by 0x48A014D: _XUpdateAtomCache (in /usr/lib/x86_64-linux-gnu/libX11.so.6.3.0)
==1377445==    by 0x48A0519: XInternAtom (in /usr/lib/x86_64-linux-gnu/libX11.so.6.3.0)
==1377445==    by 0x10EF3F: mlx_init (in /nfs/homes/aucaland/Documents/tronc_commun/fdf2/fdf)
==1377445==    by 0x10AB6E: init_mlx (in /nfs/homes/aucaland/Documents/tronc_commun/fdf2/fdf)
==1377445==    by 0x10A8D2: main (in /nfs/homes/aucaland/Documents/tronc_commun/fdf2/fdf)
==1377445== 
==1377445== 40 bytes in 1 blocks are still reachable in loss record 16 of 52
==1377445==    at 0x483B7F3: malloc (in /usr/lib/x86_64-linux-gnu/valgrind/vgpreload_memcheck-amd64-linux.so)
==1377445==    by 0x48B6DD1: _XPollfdCacheInit (in /usr/lib/x86_64-linux-gnu/libX11.so.6.3.0)
==1377445==    by 0x48A566F: XOpenDisplay (in /usr/lib/x86_64-linux-gnu/libX11.so.6.3.0)
==1377445==    by 0x10EEB7: mlx_init (in /nfs/homes/aucaland/Documents/tronc_commun/fdf2/fdf)
==1377445==    by 0x10AB6E: init_mlx (in /nfs/homes/aucaland/Documents/tronc_commun/fdf2/fdf)
==1377445==    by 0x10A8D2: main (in /nfs/homes/aucaland/Documents/tronc_commun/fdf2/fdf)
==1377445== 
==1377445== 48 bytes in 1 blocks are still reachable in loss record 17 of 52
==1377445==    at 0x483B7F3: malloc (in /usr/lib/x86_64-linux-gnu/valgrind/vgpreload_memcheck-amd64-linux.so)
==1377445==    by 0x48B4CB1: _XConnectXCB (in /usr/lib/x86_64-linux-gnu/libX11.so.6.3.0)
==1377445==    by 0x48A53A8: XOpenDisplay (in /usr/lib/x86_64-linux-gnu/libX11.so.6.3.0)
==1377445==    by 0x10EEB7: mlx_init (in /nfs/homes/aucaland/Documents/tronc_commun/fdf2/fdf)
==1377445==    by 0x10AB6E: init_mlx (in /nfs/homes/aucaland/Documents/tronc_commun/fdf2/fdf)
==1377445==    by 0x10A8D2: main (in /nfs/homes/aucaland/Documents/tronc_commun/fdf2/fdf)
==1377445== 
==1377445== 48 bytes in 1 blocks are still reachable in loss record 18 of 52
==1377445==    at 0x483B7F3: malloc (in /usr/lib/x86_64-linux-gnu/valgrind/vgpreload_memcheck-amd64-linux.so)
==1377445==    by 0x48B4CC7: _XConnectXCB (in /usr/lib/x86_64-linux-gnu/libX11.so.6.3.0)
==1377445==    by 0x48A53A8: XOpenDisplay (in /usr/lib/x86_64-linux-gnu/libX11.so.6.3.0)
==1377445==    by 0x10EEB7: mlx_init (in /nfs/homes/aucaland/Documents/tronc_commun/fdf2/fdf)
==1377445==    by 0x10AB6E: init_mlx (in /nfs/homes/aucaland/Documents/tronc_commun/fdf2/fdf)
==1377445==    by 0x10A8D2: main (in /nfs/homes/aucaland/Documents/tronc_commun/fdf2/fdf)
==1377445== 
==1377445== 48 bytes in 1 blocks are still reachable in loss record 19 of 52
==1377445==    at 0x483DD99: calloc (in /usr/lib/x86_64-linux-gnu/valgrind/vgpreload_memcheck-amd64-linux.so)
==1377445==    by 0x49066E0: XkbGetMap (in /usr/lib/x86_64-linux-gnu/libX11.so.6.3.0)
==1377445==    by 0x4902968: ??? (in /usr/lib/x86_64-linux-gnu/libX11.so.6.3.0)
==1377445==    by 0x4902E57: XkbKeycodeToKeysym (in /usr/lib/x86_64-linux-gnu/libX11.so.6.3.0)
==1377445==    by 0x10FD97: mlx_int_param_KeyPress (in /nfs/homes/aucaland/Documents/tronc_commun/fdf2/fdf)
==1377445==    by 0x10F2A5: mlx_loop (in /nfs/homes/aucaland/Documents/tronc_commun/fdf2/fdf)
==1377445==    by 0x10A904: main (in /nfs/homes/aucaland/Documents/tronc_commun/fdf2/fdf)
==1377445== 
==1377445== 72 bytes in 1 blocks are still reachable in loss record 20 of 52
==1377445==    at 0x483DD99: calloc (in /usr/lib/x86_64-linux-gnu/valgrind/vgpreload_memcheck-amd64-linux.so)
==1377445==    by 0x48A5721: XOpenDisplay (in /usr/lib/x86_64-linux-gnu/libX11.so.6.3.0)
==1377445==    by 0x10EEB7: mlx_init (in /nfs/homes/aucaland/Documents/tronc_commun/fdf2/fdf)
==1377445==    by 0x10AB6E: init_mlx (in /nfs/homes/aucaland/Documents/tronc_commun/fdf2/fdf)
==1377445==    by 0x10A8D2: main (in /nfs/homes/aucaland/Documents/tronc_commun/fdf2/fdf)
==1377445== 
==1377445== 72 bytes in 1 blocks are still reachable in loss record 21 of 52
==1377445==    at 0x483DD99: calloc (in /usr/lib/x86_64-linux-gnu/valgrind/vgpreload_memcheck-amd64-linux.so)
==1377445==    by 0x49066C4: XkbGetMap (in /usr/lib/x86_64-linux-gnu/libX11.so.6.3.0)
==1377445==    by 0x4902968: ??? (in /usr/lib/x86_64-linux-gnu/libX11.so.6.3.0)
==1377445==    by 0x4902E57: XkbKeycodeToKeysym (in /usr/lib/x86_64-linux-gnu/libX11.so.6.3.0)
==1377445==    by 0x10FD97: mlx_int_param_KeyPress (in /nfs/homes/aucaland/Documents/tronc_commun/fdf2/fdf)
==1377445==    by 0x10F2A5: mlx_loop (in /nfs/homes/aucaland/Documents/tronc_commun/fdf2/fdf)
==1377445==    by 0x10A904: main (in /nfs/homes/aucaland/Documents/tronc_commun/fdf2/fdf)
==1377445== 
==1377445== 104 bytes in 1 blocks are still reachable in loss record 22 of 52
==1377445==    at 0x483DD99: calloc (in /usr/lib/x86_64-linux-gnu/valgrind/vgpreload_memcheck-amd64-linux.so)
==1377445==    by 0x48B4BB2: _XConnectXCB (in /usr/lib/x86_64-linux-gnu/libX11.so.6.3.0)
==1377445==    by 0x48A53A8: XOpenDisplay (in /usr/lib/x86_64-linux-gnu/libX11.so.6.3.0)
==1377445==    by 0x10EEB7: mlx_init (in /nfs/homes/aucaland/Documents/tronc_commun/fdf2/fdf)
==1377445==    by 0x10AB6E: init_mlx (in /nfs/homes/aucaland/Documents/tronc_commun/fdf2/fdf)
==1377445==    by 0x10A8D2: main (in /nfs/homes/aucaland/Documents/tronc_commun/fdf2/fdf)
==1377445== 
==1377445== 112 bytes in 1 blocks are still reachable in loss record 23 of 52
==1377445==    at 0x483DD99: calloc (in /usr/lib/x86_64-linux-gnu/valgrind/vgpreload_memcheck-amd64-linux.so)
==1377445==    by 0x48A59A0: XOpenDisplay (in /usr/lib/x86_64-linux-gnu/libX11.so.6.3.0)
==1377445==    by 0x10EEB7: mlx_init (in /nfs/homes/aucaland/Documents/tronc_commun/fdf2/fdf)
==1377445==    by 0x10AB6E: init_mlx (in /nfs/homes/aucaland/Documents/tronc_commun/fdf2/fdf)
==1377445==    by 0x10A8D2: main (in /nfs/homes/aucaland/Documents/tronc_commun/fdf2/fdf)
==1377445== 
==1377445== 128 bytes in 1 blocks are still reachable in loss record 24 of 52
==1377445==    at 0x483DD99: calloc (in /usr/lib/x86_64-linux-gnu/valgrind/vgpreload_memcheck-amd64-linux.so)
==1377445==    by 0x48A58D0: XOpenDisplay (in /usr/lib/x86_64-linux-gnu/libX11.so.6.3.0)
==1377445==    by 0x10EEB7: mlx_init (in /nfs/homes/aucaland/Documents/tronc_commun/fdf2/fdf)
==1377445==    by 0x10AB6E: init_mlx (in /nfs/homes/aucaland/Documents/tronc_commun/fdf2/fdf)
==1377445==    by 0x10A8D2: main (in /nfs/homes/aucaland/Documents/tronc_commun/fdf2/fdf)
==1377445== 
==1377445== 128 bytes in 1 blocks are still reachable in loss record 25 of 52
==1377445==    at 0x483DD99: calloc (in /usr/lib/x86_64-linux-gnu/valgrind/vgpreload_memcheck-amd64-linux.so)
==1377445==    by 0x489F24E: XInitExtension (in /usr/lib/x86_64-linux-gnu/libX11.so.6.3.0)
==1377445==    by 0x490BC43: XkbUseExtension (in /usr/lib/x86_64-linux-gnu/libX11.so.6.3.0)
==1377445==    by 0x48A5E19: XOpenDisplay (in /usr/lib/x86_64-linux-gnu/libX11.so.6.3.0)
==1377445==    by 0x10EEB7: mlx_init (in /nfs/homes/aucaland/Documents/tronc_commun/fdf2/fdf)
==1377445==    by 0x10AB6E: init_mlx (in /nfs/homes/aucaland/Documents/tronc_commun/fdf2/fdf)
==1377445==    by 0x10A8D2: main (in /nfs/homes/aucaland/Documents/tronc_commun/fdf2/fdf)
==1377445== 
==1377445== 128 bytes in 1 blocks are still reachable in loss record 26 of 52
==1377445==    at 0x483DD99: calloc (in /usr/lib/x86_64-linux-gnu/valgrind/vgpreload_memcheck-amd64-linux.so)
==1377445==    by 0x489F24E: XInitExtension (in /usr/lib/x86_64-linux-gnu/libX11.so.6.3.0)
==1377445==    by 0x48703F0: XextAddDisplay (in /usr/lib/x86_64-linux-gnu/libXext.so.6.4.0)
==1377445==    by 0x486B7B2: XShmQueryVersion (in /usr/lib/x86_64-linux-gnu/libXext.so.6.4.0)
==1377445==    by 0x10ECC3: mlx_int_deal_shm (in /nfs/homes/aucaland/Documents/tronc_commun/fdf2/fdf)
==1377445==    by 0x10EF65: mlx_init (in /nfs/homes/aucaland/Documents/tronc_commun/fdf2/fdf)
==1377445==    by 0x10AB6E: init_mlx (in /nfs/homes/aucaland/Documents/tronc_commun/fdf2/fdf)
==1377445==    by 0x10A8D2: main (in /nfs/homes/aucaland/Documents/tronc_commun/fdf2/fdf)
==1377445== 
==1377445== 128 bytes in 1 blocks are still reachable in loss record 27 of 52
==1377445==    at 0x483DD99: calloc (in /usr/lib/x86_64-linux-gnu/valgrind/vgpreload_memcheck-amd64-linux.so)
==1377445==    by 0x489F24E: XInitExtension (in /usr/lib/x86_64-linux-gnu/libX11.so.6.3.0)
==1377445==    by 0x48703F0: XextAddDisplay (in /usr/lib/x86_64-linux-gnu/libXext.so.6.4.0)
==1377445==    by 0x486FE5A: ??? (in /usr/lib/x86_64-linux-gnu/libXext.so.6.4.0)
==1377445==    by 0x487019B: ??? (in /usr/lib/x86_64-linux-gnu/libXext.so.6.4.0)
==1377445==    by 0x48705A2: XextAddDisplay (in /usr/lib/x86_64-linux-gnu/libXext.so.6.4.0)
==1377445==    by 0x486B7B2: XShmQueryVersion (in /usr/lib/x86_64-linux-gnu/libXext.so.6.4.0)
==1377445==    by 0x10ECC3: mlx_int_deal_shm (in /nfs/homes/aucaland/Documents/tronc_commun/fdf2/fdf)
==1377445==    by 0x10EF65: mlx_init (in /nfs/homes/aucaland/Documents/tronc_commun/fdf2/fdf)
==1377445==    by 0x10AB6E: init_mlx (in /nfs/homes/aucaland/Documents/tronc_commun/fdf2/fdf)
==1377445==    by 0x10A8D2: main (in /nfs/homes/aucaland/Documents/tronc_commun/fdf2/fdf)
==1377445== 
==1377445== 136 bytes in 1 blocks are still reachable in loss record 28 of 52
==1377445==    at 0x483B7F3: malloc (in /usr/lib/x86_64-linux-gnu/valgrind/vgpreload_memcheck-amd64-linux.so)
==1377445==    by 0x10EE9F: mlx_init (in /nfs/homes/aucaland/Documents/tronc_commun/fdf2/fdf)
==1377445==    by 0x10AB6E: init_mlx (in /nfs/homes/aucaland/Documents/tronc_commun/fdf2/fdf)
==1377445==    by 0x10A8D2: main (in /nfs/homes/aucaland/Documents/tronc_commun/fdf2/fdf)
==1377445== 
==1377445== 149 bytes in 1 blocks are still reachable in loss record 29 of 52
==1377445==    at 0x483B7F3: malloc (in /usr/lib/x86_64-linux-gnu/valgrind/vgpreload_memcheck-amd64-linux.so)
==1377445==    by 0x48A5E81: XOpenDisplay (in /usr/lib/x86_64-linux-gnu/libX11.so.6.3.0)
==1377445==    by 0x10EEB7: mlx_init (in /nfs/homes/aucaland/Documents/tronc_commun/fdf2/fdf)
==1377445==    by 0x10AB6E: init_mlx (in /nfs/homes/aucaland/Documents/tronc_commun/fdf2/fdf)
==1377445==    by 0x10A8D2: main (in /nfs/homes/aucaland/Documents/tronc_commun/fdf2/fdf)
==1377445== 
==1377445== 152 bytes in 1 blocks are still reachable in loss record 30 of 52
==1377445==    at 0x483DD99: calloc (in /usr/lib/x86_64-linux-gnu/valgrind/vgpreload_memcheck-amd64-linux.so)
==1377445==    by 0x490BE3E: XkbUseExtension (in /usr/lib/x86_64-linux-gnu/libX11.so.6.3.0)
==1377445==    by 0x48A5E19: XOpenDisplay (in /usr/lib/x86_64-linux-gnu/libX11.so.6.3.0)
==1377445==    by 0x10EEB7: mlx_init (in /nfs/homes/aucaland/Documents/tronc_commun/fdf2/fdf)
==1377445==    by 0x10AB6E: init_mlx (in /nfs/homes/aucaland/Documents/tronc_commun/fdf2/fdf)
==1377445==    by 0x10A8D2: main (in /nfs/homes/aucaland/Documents/tronc_commun/fdf2/fdf)
==1377445== 
==1377445== 160 bytes in 1 blocks are still reachable in loss record 31 of 52
==1377445==    at 0x483B7F3: malloc (in /usr/lib/x86_64-linux-gnu/valgrind/vgpreload_memcheck-amd64-linux.so)
==1377445==    by 0x489382F: XCreateGC (in /usr/lib/x86_64-linux-gnu/libX11.so.6.3.0)
==1377445==    by 0x48A5D48: XOpenDisplay (in /usr/lib/x86_64-linux-gnu/libX11.so.6.3.0)
==1377445==    by 0x10EEB7: mlx_init (in /nfs/homes/aucaland/Documents/tronc_commun/fdf2/fdf)
==1377445==    by 0x10AB6E: init_mlx (in /nfs/homes/aucaland/Documents/tronc_commun/fdf2/fdf)
==1377445==    by 0x10A8D2: main (in /nfs/homes/aucaland/Documents/tronc_commun/fdf2/fdf)
==1377445== 
==1377445== 168 bytes in 1 blocks are still reachable in loss record 32 of 52
==1377445==    at 0x483DD99: calloc (in /usr/lib/x86_64-linux-gnu/valgrind/vgpreload_memcheck-amd64-linux.so)
==1377445==    by 0x48A5C37: XOpenDisplay (in /usr/lib/x86_64-linux-gnu/libX11.so.6.3.0)
==1377445==    by 0x10EEB7: mlx_init (in /nfs/homes/aucaland/Documents/tronc_commun/fdf2/fdf)
==1377445==    by 0x10AB6E: init_mlx (in /nfs/homes/aucaland/Documents/tronc_commun/fdf2/fdf)
==1377445==    by 0x10A8D2: main (in /nfs/homes/aucaland/Documents/tronc_commun/fdf2/fdf)
==1377445== 
==1377445== 208 bytes in 1 blocks are still reachable in loss record 33 of 52
==1377445==    at 0x483B7F3: malloc (in /usr/lib/x86_64-linux-gnu/valgrind/vgpreload_memcheck-amd64-linux.so)
==1377445==    by 0x48700F9: ??? (in /usr/lib/x86_64-linux-gnu/libXext.so.6.4.0)
==1377445==    by 0x48701AE: ??? (in /usr/lib/x86_64-linux-gnu/libXext.so.6.4.0)
==1377445==    by 0x48705A2: XextAddDisplay (in /usr/lib/x86_64-linux-gnu/libXext.so.6.4.0)
==1377445==    by 0x486B7B2: XShmQueryVersion (in /usr/lib/x86_64-linux-gnu/libXext.so.6.4.0)
==1377445==    by 0x10ECC3: mlx_int_deal_shm (in /nfs/homes/aucaland/Documents/tronc_commun/fdf2/fdf)
==1377445==    by 0x10EF65: mlx_init (in /nfs/homes/aucaland/Documents/tronc_commun/fdf2/fdf)
==1377445==    by 0x10AB6E: init_mlx (in /nfs/homes/aucaland/Documents/tronc_commun/fdf2/fdf)
==1377445==    by 0x10A8D2: main (in /nfs/homes/aucaland/Documents/tronc_commun/fdf2/fdf)
==1377445== 
==1377445== 208 bytes in 1 blocks are still reachable in loss record 34 of 52
==1377445==    at 0x483B7F3: malloc (in /usr/lib/x86_64-linux-gnu/valgrind/vgpreload_memcheck-amd64-linux.so)
==1377445==    by 0x48B853E: _XEnq (in /usr/lib/x86_64-linux-gnu/libX11.so.6.3.0)
==1377445==    by 0x48B50B6: ??? (in /usr/lib/x86_64-linux-gnu/libX11.so.6.3.0)
==1377445==    by 0x48B5B10: _XReadEvents (in /usr/lib/x86_64-linux-gnu/libX11.so.6.3.0)
==1377445==    by 0x48B4039: XWindowEvent (in /usr/lib/x86_64-linux-gnu/libX11.so.6.3.0)
==1377445==    by 0x10F3F5: mlx_int_wait_first_expose (in /nfs/homes/aucaland/Documents/tronc_commun/fdf2/fdf)
==1377445==    by 0x10F11D: mlx_new_window (in /nfs/homes/aucaland/Documents/tronc_commun/fdf2/fdf)
==1377445==    by 0x10AB90: init_mlx (in /nfs/homes/aucaland/Documents/tronc_commun/fdf2/fdf)
==1377445==    by 0x10A8D2: main (in /nfs/homes/aucaland/Documents/tronc_commun/fdf2/fdf)
==1377445== 
==1377445== 208 bytes in 1 blocks are still reachable in loss record 35 of 52
==1377445==    at 0x483B7F3: malloc (in /usr/lib/x86_64-linux-gnu/valgrind/vgpreload_memcheck-amd64-linux.so)
==1377445==    by 0x48B853E: _XEnq (in /usr/lib/x86_64-linux-gnu/libX11.so.6.3.0)
==1377445==    by 0x48B50B6: ??? (in /usr/lib/x86_64-linux-gnu/libX11.so.6.3.0)
==1377445==    by 0x48B59E1: _XEventsQueued (in /usr/lib/x86_64-linux-gnu/libX11.so.6.3.0)
==1377445==    by 0x4896CCD: XFlush (in /usr/lib/x86_64-linux-gnu/libX11.so.6.3.0)
==1377445==    by 0x10F597: mlx_string_put (in /nfs/homes/aucaland/Documents/tronc_commun/fdf2/fdf)
==1377445==    by 0x10CD5C: print_menu_curr_colors (in /nfs/homes/aucaland/Documents/tronc_commun/fdf2/fdf)
==1377445==    by 0x10A8E2: main (in /nfs/homes/aucaland/Documents/tronc_commun/fdf2/fdf)
==1377445== 
==1377445== 208 bytes in 1 blocks are still reachable in loss record 36 of 52
==1377445==    at 0x483B7F3: malloc (in /usr/lib/x86_64-linux-gnu/valgrind/vgpreload_memcheck-amd64-linux.so)
==1377445==    by 0x48B853E: _XEnq (in /usr/lib/x86_64-linux-gnu/libX11.so.6.3.0)
==1377445==    by 0x48B50B6: ??? (in /usr/lib/x86_64-linux-gnu/libX11.so.6.3.0)
==1377445==    by 0x48B59E1: _XEventsQueued (in /usr/lib/x86_64-linux-gnu/libX11.so.6.3.0)
==1377445==    by 0x4896CCD: XFlush (in /usr/lib/x86_64-linux-gnu/libX11.so.6.3.0)
==1377445==    by 0x10F597: mlx_string_put (in /nfs/homes/aucaland/Documents/tronc_commun/fdf2/fdf)
==1377445==    by 0x10CA1C: print_menu_guide.part.0 (in /nfs/homes/aucaland/Documents/tronc_commun/fdf2/fdf)
==1377445==    by 0x10A8EF: main (in /nfs/homes/aucaland/Documents/tronc_commun/fdf2/fdf)
==1377445== 
==1377445== 256 bytes in 1 blocks are still reachable in loss record 37 of 52
==1377445==    at 0x483DD99: calloc (in /usr/lib/x86_64-linux-gnu/valgrind/vgpreload_memcheck-amd64-linux.so)
==1377445==    by 0x49145DD: XkbAllocClientMap (in /usr/lib/x86_64-linux-gnu/libX11.so.6.3.0)
==1377445==    by 0x490645D: _XkbReadGetMapReply (in /usr/lib/x86_64-linux-gnu/libX11.so.6.3.0)
==1377445==    by 0x49065BD: ??? (in /usr/lib/x86_64-linux-gnu/libX11.so.6.3.0)
==1377445==    by 0x490664C: XkbGetUpdatedMap (in /usr/lib/x86_64-linux-gnu/libX11.so.6.3.0)
==1377445==    by 0x4906714: XkbGetMap (in /usr/lib/x86_64-linux-gnu/libX11.so.6.3.0)
==1377445==    by 0x4902968: ??? (in /usr/lib/x86_64-linux-gnu/libX11.so.6.3.0)
==1377445==    by 0x4902E57: XkbKeycodeToKeysym (in /usr/lib/x86_64-linux-gnu/libX11.so.6.3.0)
==1377445==    by 0x10FD97: mlx_int_param_KeyPress (in /nfs/homes/aucaland/Documents/tronc_commun/fdf2/fdf)
==1377445==    by 0x10F2A5: mlx_loop (in /nfs/homes/aucaland/Documents/tronc_commun/fdf2/fdf)
==1377445==    by 0x10A904: main (in /nfs/homes/aucaland/Documents/tronc_commun/fdf2/fdf)
==1377445== 
==1377445== 344 bytes in 6 blocks are still reachable in loss record 38 of 52
==1377445==    at 0x483DD99: calloc (in /usr/lib/x86_64-linux-gnu/valgrind/vgpreload_memcheck-amd64-linux.so)
==1377445==    by 0x4905DD5: _XkbReadGetMapReply (in /usr/lib/x86_64-linux-gnu/libX11.so.6.3.0)
==1377445==    by 0x49065BD: ??? (in /usr/lib/x86_64-linux-gnu/libX11.so.6.3.0)
==1377445==    by 0x490664C: XkbGetUpdatedMap (in /usr/lib/x86_64-linux-gnu/libX11.so.6.3.0)
==1377445==    by 0x4906714: XkbGetMap (in /usr/lib/x86_64-linux-gnu/libX11.so.6.3.0)
==1377445==    by 0x4902968: ??? (in /usr/lib/x86_64-linux-gnu/libX11.so.6.3.0)
==1377445==    by 0x4902E57: XkbKeycodeToKeysym (in /usr/lib/x86_64-linux-gnu/libX11.so.6.3.0)
==1377445==    by 0x10FD97: mlx_int_param_KeyPress (in /nfs/homes/aucaland/Documents/tronc_commun/fdf2/fdf)
==1377445==    by 0x10F2A5: mlx_loop (in /nfs/homes/aucaland/Documents/tronc_commun/fdf2/fdf)
==1377445==    by 0x10A904: main (in /nfs/homes/aucaland/Documents/tronc_commun/fdf2/fdf)
==1377445== 
==1377445== 512 bytes in 1 blocks are still reachable in loss record 39 of 52
==1377445==    at 0x483DD99: calloc (in /usr/lib/x86_64-linux-gnu/valgrind/vgpreload_memcheck-amd64-linux.so)
==1377445==    by 0x48A00BA: ??? (in /usr/lib/x86_64-linux-gnu/libX11.so.6.3.0)
==1377445==    by 0x48A043E: XInternAtom (in /usr/lib/x86_64-linux-gnu/libX11.so.6.3.0)
==1377445==    by 0x10EF3F: mlx_init (in /nfs/homes/aucaland/Documents/tronc_commun/fdf2/fdf)
==1377445==    by 0x10AB6E: init_mlx (in /nfs/homes/aucaland/Documents/tronc_commun/fdf2/fdf)
==1377445==    by 0x10A8D2: main (in /nfs/homes/aucaland/Documents/tronc_commun/fdf2/fdf)
==1377445== 
==1377445== 832 bytes in 4 blocks are still reachable in loss record 40 of 52
==1377445==    at 0x483B7F3: malloc (in /usr/lib/x86_64-linux-gnu/valgrind/vgpreload_memcheck-amd64-linux.so)
==1377445==    by 0x48B853E: _XEnq (in /usr/lib/x86_64-linux-gnu/libX11.so.6.3.0)
==1377445==    by 0x48B50B6: ??? (in /usr/lib/x86_64-linux-gnu/libX11.so.6.3.0)
==1377445==    by 0x48B5B10: _XReadEvents (in /usr/lib/x86_64-linux-gnu/libX11.so.6.3.0)
==1377445==    by 0x48B4070: XWindowEvent (in /usr/lib/x86_64-linux-gnu/libX11.so.6.3.0)
==1377445==    by 0x10F3F5: mlx_int_wait_first_expose (in /nfs/homes/aucaland/Documents/tronc_commun/fdf2/fdf)
==1377445==    by 0x10F11D: mlx_new_window (in /nfs/homes/aucaland/Documents/tronc_commun/fdf2/fdf)
==1377445==    by 0x10AB90: init_mlx (in /nfs/homes/aucaland/Documents/tronc_commun/fdf2/fdf)
==1377445==    by 0x10A8D2: main (in /nfs/homes/aucaland/Documents/tronc_commun/fdf2/fdf)
==1377445== 
==1377445== 832 bytes in 4 blocks are still reachable in loss record 41 of 52
==1377445==    at 0x483B7F3: malloc (in /usr/lib/x86_64-linux-gnu/valgrind/vgpreload_memcheck-amd64-linux.so)
==1377445==    by 0x48B853E: _XEnq (in /usr/lib/x86_64-linux-gnu/libX11.so.6.3.0)
==1377445==    by 0x48B50B6: ??? (in /usr/lib/x86_64-linux-gnu/libX11.so.6.3.0)
==1377445==    by 0x48B601C: _XReply (in /usr/lib/x86_64-linux-gnu/libX11.so.6.3.0)
==1377445==    by 0x48B17F0: XSync (in /usr/lib/x86_64-linux-gnu/libX11.so.6.3.0)
==1377445==    by 0x10F709: mlx_int_new_xshm_image (in /nfs/homes/aucaland/Documents/tronc_commun/fdf2/fdf)
==1377445==    by 0x10F932: mlx_new_image (in /nfs/homes/aucaland/Documents/tronc_commun/fdf2/fdf)
==1377445==    by 0x10BBE2: create_img (in /nfs/homes/aucaland/Documents/tronc_commun/fdf2/fdf)
==1377445==    by 0x10A8E2: main (in /nfs/homes/aucaland/Documents/tronc_commun/fdf2/fdf)
==1377445== 
==1377445== 1,120 bytes in 1 blocks are still reachable in loss record 42 of 52
==1377445==    at 0x483DD99: calloc (in /usr/lib/x86_64-linux-gnu/valgrind/vgpreload_memcheck-amd64-linux.so)
==1377445==    by 0x49146A1: XkbAllocClientMap (in /usr/lib/x86_64-linux-gnu/libX11.so.6.3.0)
==1377445==    by 0x490626F: _XkbReadGetMapReply (in /usr/lib/x86_64-linux-gnu/libX11.so.6.3.0)
==1377445==    by 0x49065BD: ??? (in /usr/lib/x86_64-linux-gnu/libX11.so.6.3.0)
==1377445==    by 0x490664C: XkbGetUpdatedMap (in /usr/lib/x86_64-linux-gnu/libX11.so.6.3.0)
==1377445==    by 0x4906714: XkbGetMap (in /usr/lib/x86_64-linux-gnu/libX11.so.6.3.0)
==1377445==    by 0x4902968: ??? (in /usr/lib/x86_64-linux-gnu/libX11.so.6.3.0)
==1377445==    by 0x4902E57: XkbKeycodeToKeysym (in /usr/lib/x86_64-linux-gnu/libX11.so.6.3.0)
==1377445==    by 0x10FD97: mlx_int_param_KeyPress (in /nfs/homes/aucaland/Documents/tronc_commun/fdf2/fdf)
==1377445==    by 0x10F2A5: mlx_loop (in /nfs/homes/aucaland/Documents/tronc_commun/fdf2/fdf)
==1377445==    by 0x10A904: main (in /nfs/homes/aucaland/Documents/tronc_commun/fdf2/fdf)
==1377445== 
==1377445== 1,664 bytes in 8 blocks are still reachable in loss record 43 of 52
==1377445==    at 0x483B7F3: malloc (in /usr/lib/x86_64-linux-gnu/valgrind/vgpreload_memcheck-amd64-linux.so)
==1377445==    by 0x48B853E: _XEnq (in /usr/lib/x86_64-linux-gnu/libX11.so.6.3.0)
==1377445==    by 0x48B50B6: ??? (in /usr/lib/x86_64-linux-gnu/libX11.so.6.3.0)
==1377445==    by 0x48B5B59: _XReadEvents (in /usr/lib/x86_64-linux-gnu/libX11.so.6.3.0)
==1377445==    by 0x48B4070: XWindowEvent (in /usr/lib/x86_64-linux-gnu/libX11.so.6.3.0)
==1377445==    by 0x10F3F5: mlx_int_wait_first_expose (in /nfs/homes/aucaland/Documents/tronc_commun/fdf2/fdf)
==1377445==    by 0x10F11D: mlx_new_window (in /nfs/homes/aucaland/Documents/tronc_commun/fdf2/fdf)
==1377445==    by 0x10AB90: init_mlx (in /nfs/homes/aucaland/Documents/tronc_commun/fdf2/fdf)
==1377445==    by 0x10A8D2: main (in /nfs/homes/aucaland/Documents/tronc_commun/fdf2/fdf)
==1377445== 
==1377445== 1,872 bytes in 9 blocks are still reachable in loss record 44 of 52
==1377445==    at 0x483B7F3: malloc (in /usr/lib/x86_64-linux-gnu/valgrind/vgpreload_memcheck-amd64-linux.so)
==1377445==    by 0x48B853E: _XEnq (in /usr/lib/x86_64-linux-gnu/libX11.so.6.3.0)
==1377445==    by 0x48B50B6: ??? (in /usr/lib/x86_64-linux-gnu/libX11.so.6.3.0)
==1377445==    by 0x48B5B59: _XReadEvents (in /usr/lib/x86_64-linux-gnu/libX11.so.6.3.0)
==1377445==    by 0x48B4039: XWindowEvent (in /usr/lib/x86_64-linux-gnu/libX11.so.6.3.0)
==1377445==    by 0x10F3F5: mlx_int_wait_first_expose (in /nfs/homes/aucaland/Documents/tronc_commun/fdf2/fdf)
==1377445==    by 0x10F11D: mlx_new_window (in /nfs/homes/aucaland/Documents/tronc_commun/fdf2/fdf)
==1377445==    by 0x10AB90: init_mlx (in /nfs/homes/aucaland/Documents/tronc_commun/fdf2/fdf)
==1377445==    by 0x10A8D2: main (in /nfs/homes/aucaland/Documents/tronc_commun/fdf2/fdf)
==1377445== 
==1377445== 2,028 bytes in 27 blocks are still reachable in loss record 45 of 52
==1377445==    at 0x483DD99: calloc (in /usr/lib/x86_64-linux-gnu/valgrind/vgpreload_memcheck-amd64-linux.so)
==1377445==    by 0x4905BBD: _XkbReadGetMapReply (in /usr/lib/x86_64-linux-gnu/libX11.so.6.3.0)
==1377445==    by 0x49065BD: ??? (in /usr/lib/x86_64-linux-gnu/libX11.so.6.3.0)
==1377445==    by 0x490664C: XkbGetUpdatedMap (in /usr/lib/x86_64-linux-gnu/libX11.so.6.3.0)
==1377445==    by 0x4906714: XkbGetMap (in /usr/lib/x86_64-linux-gnu/libX11.so.6.3.0)
==1377445==    by 0x4902968: ??? (in /usr/lib/x86_64-linux-gnu/libX11.so.6.3.0)
==1377445==    by 0x4902E57: XkbKeycodeToKeysym (in /usr/lib/x86_64-linux-gnu/libX11.so.6.3.0)
==1377445==    by 0x10FD97: mlx_int_param_KeyPress (in /nfs/homes/aucaland/Documents/tronc_commun/fdf2/fdf)
==1377445==    by 0x10F2A5: mlx_loop (in /nfs/homes/aucaland/Documents/tronc_commun/fdf2/fdf)
==1377445==    by 0x10A904: main (in /nfs/homes/aucaland/Documents/tronc_commun/fdf2/fdf)
==1377445== 
==1377445== 2,048 bytes in 1 blocks are still reachable in loss record 46 of 52
==1377445==    at 0x483DD99: calloc (in /usr/lib/x86_64-linux-gnu/valgrind/vgpreload_memcheck-amd64-linux.so)
==1377445==    by 0x4905DF4: _XkbReadGetMapReply (in /usr/lib/x86_64-linux-gnu/libX11.so.6.3.0)
==1377445==    by 0x49065BD: ??? (in /usr/lib/x86_64-linux-gnu/libX11.so.6.3.0)
==1377445==    by 0x490664C: XkbGetUpdatedMap (in /usr/lib/x86_64-linux-gnu/libX11.so.6.3.0)
==1377445==    by 0x4906714: XkbGetMap (in /usr/lib/x86_64-linux-gnu/libX11.so.6.3.0)
==1377445==    by 0x4902968: ??? (in /usr/lib/x86_64-linux-gnu/libX11.so.6.3.0)
==1377445==    by 0x4902E57: XkbKeycodeToKeysym (in /usr/lib/x86_64-linux-gnu/libX11.so.6.3.0)
==1377445==    by 0x10FD97: mlx_int_param_KeyPress (in /nfs/homes/aucaland/Documents/tronc_commun/fdf2/fdf)
==1377445==    by 0x10F2A5: mlx_loop (in /nfs/homes/aucaland/Documents/tronc_commun/fdf2/fdf)
==1377445==    by 0x10A904: main (in /nfs/homes/aucaland/Documents/tronc_commun/fdf2/fdf)
==1377445== 
==1377445== 4,096 bytes in 1 blocks are still reachable in loss record 47 of 52
==1377445==    at 0x483DD99: calloc (in /usr/lib/x86_64-linux-gnu/valgrind/vgpreload_memcheck-amd64-linux.so)
==1377445==    by 0x49064EC: _XkbReadGetMapReply (in /usr/lib/x86_64-linux-gnu/libX11.so.6.3.0)
==1377445==    by 0x49065BD: ??? (in /usr/lib/x86_64-linux-gnu/libX11.so.6.3.0)
==1377445==    by 0x490664C: XkbGetUpdatedMap (in /usr/lib/x86_64-linux-gnu/libX11.so.6.3.0)
==1377445==    by 0x4906714: XkbGetMap (in /usr/lib/x86_64-linux-gnu/libX11.so.6.3.0)
==1377445==    by 0x4902968: ??? (in /usr/lib/x86_64-linux-gnu/libX11.so.6.3.0)
==1377445==    by 0x4902E57: XkbKeycodeToKeysym (in /usr/lib/x86_64-linux-gnu/libX11.so.6.3.0)
==1377445==    by 0x10FD97: mlx_int_param_KeyPress (in /nfs/homes/aucaland/Documents/tronc_commun/fdf2/fdf)
==1377445==    by 0x10F2A5: mlx_loop (in /nfs/homes/aucaland/Documents/tronc_commun/fdf2/fdf)
==1377445==    by 0x10A904: main (in /nfs/homes/aucaland/Documents/tronc_commun/fdf2/fdf)
==1377445== 
==1377445== 4,688 bytes in 1 blocks are still reachable in loss record 48 of 52
==1377445==    at 0x483DD99: calloc (in /usr/lib/x86_64-linux-gnu/valgrind/vgpreload_memcheck-amd64-linux.so)
==1377445==    by 0x48A5371: XOpenDisplay (in /usr/lib/x86_64-linux-gnu/libX11.so.6.3.0)
==1377445==    by 0x10EEB7: mlx_init (in /nfs/homes/aucaland/Documents/tronc_commun/fdf2/fdf)
==1377445==    by 0x10AB6E: init_mlx (in /nfs/homes/aucaland/Documents/tronc_commun/fdf2/fdf)
==1377445==    by 0x10A8D2: main (in /nfs/homes/aucaland/Documents/tronc_commun/fdf2/fdf)
==1377445== 
==1377445== 12,308 bytes in 1 blocks are still reachable in loss record 49 of 52
==1377445==    at 0x483DFAF: realloc (in /usr/lib/x86_64-linux-gnu/valgrind/vgpreload_memcheck-amd64-linux.so)
==1377445==    by 0x4D00A62: xcb_connect_to_fd (in /usr/lib/x86_64-linux-gnu/libxcb.so.1.1.0)
==1377445==    by 0x4D04B72: xcb_connect_to_display_with_auth_info (in /usr/lib/x86_64-linux-gnu/libxcb.so.1.1.0)
==1377445==    by 0x48B4D29: _XConnectXCB (in /usr/lib/x86_64-linux-gnu/libX11.so.6.3.0)
==1377445==    by 0x48A53A8: XOpenDisplay (in /usr/lib/x86_64-linux-gnu/libX11.so.6.3.0)
==1377445==    by 0x10EEB7: mlx_init (in /nfs/homes/aucaland/Documents/tronc_commun/fdf2/fdf)
==1377445==    by 0x10AB6E: init_mlx (in /nfs/homes/aucaland/Documents/tronc_commun/fdf2/fdf)
==1377445==    by 0x10A8D2: main (in /nfs/homes/aucaland/Documents/tronc_commun/fdf2/fdf)
==1377445== 
==1377445== 16,384 bytes in 1 blocks are still reachable in loss record 50 of 52
==1377445==    at 0x483DD99: calloc (in /usr/lib/x86_64-linux-gnu/valgrind/vgpreload_memcheck-amd64-linux.so)
==1377445==    by 0x48A56BF: XOpenDisplay (in /usr/lib/x86_64-linux-gnu/libX11.so.6.3.0)
==1377445==    by 0x10EEB7: mlx_init (in /nfs/homes/aucaland/Documents/tronc_commun/fdf2/fdf)
==1377445==    by 0x10AB6E: init_mlx (in /nfs/homes/aucaland/Documents/tronc_commun/fdf2/fdf)
==1377445==    by 0x10A8D2: main (in /nfs/homes/aucaland/Documents/tronc_commun/fdf2/fdf)
==1377445== 
==1377445== 21,168 bytes in 1 blocks are still reachable in loss record 51 of 52
==1377445==    at 0x483DD99: calloc (in /usr/lib/x86_64-linux-gnu/valgrind/vgpreload_memcheck-amd64-linux.so)
==1377445==    by 0x4D00884: xcb_connect_to_fd (in /usr/lib/x86_64-linux-gnu/libxcb.so.1.1.0)
==1377445==    by 0x4D04B72: xcb_connect_to_display_with_auth_info (in /usr/lib/x86_64-linux-gnu/libxcb.so.1.1.0)
==1377445==    by 0x48B4D29: _XConnectXCB (in /usr/lib/x86_64-linux-gnu/libX11.so.6.3.0)
==1377445==    by 0x48A53A8: XOpenDisplay (in /usr/lib/x86_64-linux-gnu/libX11.so.6.3.0)
==1377445==    by 0x10EEB7: mlx_init (in /nfs/homes/aucaland/Documents/tronc_commun/fdf2/fdf)
==1377445==    by 0x10AB6E: init_mlx (in /nfs/homes/aucaland/Documents/tronc_commun/fdf2/fdf)
==1377445==    by 0x10A8D2: main (in /nfs/homes/aucaland/Documents/tronc_commun/fdf2/fdf)
==1377445== 
==1377445== 28,224 bytes in 2 blocks are still reachable in loss record 52 of 52
==1377445==    at 0x483DD99: calloc (in /usr/lib/x86_64-linux-gnu/valgrind/vgpreload_memcheck-amd64-linux.so)
==1377445==    by 0x48A5A24: XOpenDisplay (in /usr/lib/x86_64-linux-gnu/libX11.so.6.3.0)
==1377445==    by 0x10EEB7: mlx_init (in /nfs/homes/aucaland/Documents/tronc_commun/fdf2/fdf)
==1377445==    by 0x10AB6E: init_mlx (in /nfs/homes/aucaland/Documents/tronc_commun/fdf2/fdf)
==1377445==    by 0x10A8D2: main (in /nfs/homes/aucaland/Documents/tronc_commun/fdf2/fdf)
==1377445== 
==1377445== LEAK SUMMARY:
==1377445==    definitely lost: 0 bytes in 0 blocks
==1377445==    indirectly lost: 0 bytes in 0 blocks
==1377445==      possibly lost: 0 bytes in 0 blocks
==1377445==    still reachable: 101,357 bytes in 105 blocks
==1377445==         suppressed: 0 bytes in 0 blocks
==1377445== 
==1377445== ERROR SUMMARY: 0 errors from 0 contexts (suppressed: 1 from 1)
--1377445-- 
--1377445-- used_suppression:      1 X on SUSE11 writev uninit padding /usr/lib/x86_64-linux-gnu/valgrind/default.supp:397
==1377445== 
==1377445== ERROR SUMMARY: 0 errors from 0 contexts (suppressed: 1 from 1)
