==252210== Memcheck, a memory error detector
==252210== Copyright (C) 2002-2017, and GNU GPL'd, by Julian Seward et al.
==252210== Using Valgrind-3.15.0 and LibVEX; rerun with -h for copyright info
==252210== Command: ./fdf test_maps/julia.fdf
==252210== Parent PID: 251070
==252210== 
==252210== 
==252210== FILE DESCRIPTORS: 5 open at exit.
==252210== Open AF_UNIX socket 4: <unknown>
==252210==    at 0x4C237AB: socket (syscall-template.S:78)
==252210==    by 0x4D0439D: ??? (in /usr/lib/x86_64-linux-gnu/libxcb.so.1.1.0)
==252210==    by 0x4D0488B: xcb_connect_to_display_with_auth_info (in /usr/lib/x86_64-linux-gnu/libxcb.so.1.1.0)
==252210==    by 0x48B4D29: _XConnectXCB (in /usr/lib/x86_64-linux-gnu/libX11.so.6.3.0)
==252210==    by 0x48A53A8: XOpenDisplay (in /usr/lib/x86_64-linux-gnu/libX11.so.6.3.0)
==252210==    by 0x10F3C7: mlx_init (in /nfs/homes/aucaland/Documents/tronc_commun/fdf2/fdf)
==252210==    by 0x10AB4E: init_mlx (in /nfs/homes/aucaland/Documents/tronc_commun/fdf2/fdf)
==252210==    by 0x10A8D2: main (in /nfs/homes/aucaland/Documents/tronc_commun/fdf2/fdf)
==252210== 
==252210== Open file descriptor 3: /nfs/homes/aucaland/Documents/tronc_commun/fdf2/valgrind.log
==252210==    <inherited from parent>
==252210== 
==252210== Open file descriptor 2: /dev/pts/2
==252210==    <inherited from parent>
==252210== 
==252210== Open file descriptor 1: /dev/pts/2
==252210==    <inherited from parent>
==252210== 
==252210== Open file descriptor 0: /dev/pts/2
==252210==    <inherited from parent>
==252210== 
==252210== 
==252210== HEAP SUMMARY:
==252210==     in use at exit: 101,381 bytes in 106 blocks
==252210==   total heap usage: 20,426 allocs, 20,320 frees, 56,208,882 bytes allocated
==252210== 
==252210== 3 bytes in 1 blocks are still reachable in loss record 1 of 53
==252210==    at 0x483B7F3: malloc (in /usr/lib/x86_64-linux-gnu/valgrind/vgpreload_memcheck-amd64-linux.so)
==252210==    by 0x4BA238E: strdup (strdup.c:42)
==252210==    by 0x48A5385: XOpenDisplay (in /usr/lib/x86_64-linux-gnu/libX11.so.6.3.0)
==252210==    by 0x10F3C7: mlx_init (in /nfs/homes/aucaland/Documents/tronc_commun/fdf2/fdf)
==252210==    by 0x10AB4E: init_mlx (in /nfs/homes/aucaland/Documents/tronc_commun/fdf2/fdf)
==252210==    by 0x10A8D2: main (in /nfs/homes/aucaland/Documents/tronc_commun/fdf2/fdf)
==252210== 
==252210== 8 bytes in 1 blocks are still reachable in loss record 2 of 53
==252210==    at 0x483B7F3: malloc (in /usr/lib/x86_64-linux-gnu/valgrind/vgpreload_memcheck-amd64-linux.so)
==252210==    by 0x4BA238E: strdup (strdup.c:42)
==252210==    by 0x489F25E: XInitExtension (in /usr/lib/x86_64-linux-gnu/libX11.so.6.3.0)
==252210==    by 0x48703F0: XextAddDisplay (in /usr/lib/x86_64-linux-gnu/libXext.so.6.4.0)
==252210==    by 0x486B7B2: XShmQueryVersion (in /usr/lib/x86_64-linux-gnu/libXext.so.6.4.0)
==252210==    by 0x10F1D3: mlx_int_deal_shm (in /nfs/homes/aucaland/Documents/tronc_commun/fdf2/fdf)
==252210==    by 0x10F475: mlx_init (in /nfs/homes/aucaland/Documents/tronc_commun/fdf2/fdf)
==252210==    by 0x10AB4E: init_mlx (in /nfs/homes/aucaland/Documents/tronc_commun/fdf2/fdf)
==252210==    by 0x10A8D2: main (in /nfs/homes/aucaland/Documents/tronc_commun/fdf2/fdf)
==252210== 
==252210== 8 bytes in 1 blocks are still reachable in loss record 3 of 53
==252210==    at 0x483B7F3: malloc (in /usr/lib/x86_64-linux-gnu/valgrind/vgpreload_memcheck-amd64-linux.so)
==252210==    by 0x4870144: ??? (in /usr/lib/x86_64-linux-gnu/libXext.so.6.4.0)
==252210==    by 0x48701AE: ??? (in /usr/lib/x86_64-linux-gnu/libXext.so.6.4.0)
==252210==    by 0x48705A2: XextAddDisplay (in /usr/lib/x86_64-linux-gnu/libXext.so.6.4.0)
==252210==    by 0x486B7B2: XShmQueryVersion (in /usr/lib/x86_64-linux-gnu/libXext.so.6.4.0)
==252210==    by 0x10F1D3: mlx_int_deal_shm (in /nfs/homes/aucaland/Documents/tronc_commun/fdf2/fdf)
==252210==    by 0x10F475: mlx_init (in /nfs/homes/aucaland/Documents/tronc_commun/fdf2/fdf)
==252210==    by 0x10AB4E: init_mlx (in /nfs/homes/aucaland/Documents/tronc_commun/fdf2/fdf)
==252210==    by 0x10A8D2: main (in /nfs/homes/aucaland/Documents/tronc_commun/fdf2/fdf)
==252210== 
==252210== 10 bytes in 1 blocks are still reachable in loss record 4 of 53
==252210==    at 0x483B7F3: malloc (in /usr/lib/x86_64-linux-gnu/valgrind/vgpreload_memcheck-amd64-linux.so)
==252210==    by 0x4BA238E: strdup (strdup.c:42)
==252210==    by 0x489F25E: XInitExtension (in /usr/lib/x86_64-linux-gnu/libX11.so.6.3.0)
==252210==    by 0x490BC43: XkbUseExtension (in /usr/lib/x86_64-linux-gnu/libX11.so.6.3.0)
==252210==    by 0x48A5E19: XOpenDisplay (in /usr/lib/x86_64-linux-gnu/libX11.so.6.3.0)
==252210==    by 0x10F3C7: mlx_init (in /nfs/homes/aucaland/Documents/tronc_commun/fdf2/fdf)
==252210==    by 0x10AB4E: init_mlx (in /nfs/homes/aucaland/Documents/tronc_commun/fdf2/fdf)
==252210==    by 0x10A8D2: main (in /nfs/homes/aucaland/Documents/tronc_commun/fdf2/fdf)
==252210== 
==252210== 16 bytes in 1 blocks are still reachable in loss record 5 of 53
==252210==    at 0x483B7F3: malloc (in /usr/lib/x86_64-linux-gnu/valgrind/vgpreload_memcheck-amd64-linux.so)
==252210==    by 0x4D03F81: ??? (in /usr/lib/x86_64-linux-gnu/libxcb.so.1.1.0)
==252210==    by 0x4D023FB: ??? (in /usr/lib/x86_64-linux-gnu/libxcb.so.1.1.0)
==252210==    by 0x4D008F5: xcb_connect_to_fd (in /usr/lib/x86_64-linux-gnu/libxcb.so.1.1.0)
==252210==    by 0x4D04B72: xcb_connect_to_display_with_auth_info (in /usr/lib/x86_64-linux-gnu/libxcb.so.1.1.0)
==252210==    by 0x48B4D29: _XConnectXCB (in /usr/lib/x86_64-linux-gnu/libX11.so.6.3.0)
==252210==    by 0x48A53A8: XOpenDisplay (in /usr/lib/x86_64-linux-gnu/libX11.so.6.3.0)
==252210==    by 0x10F3C7: mlx_init (in /nfs/homes/aucaland/Documents/tronc_commun/fdf2/fdf)
==252210==    by 0x10AB4E: init_mlx (in /nfs/homes/aucaland/Documents/tronc_commun/fdf2/fdf)
==252210==    by 0x10A8D2: main (in /nfs/homes/aucaland/Documents/tronc_commun/fdf2/fdf)
==252210== 
==252210== 21 bytes in 1 blocks are still reachable in loss record 6 of 53
==252210==    at 0x483B7F3: malloc (in /usr/lib/x86_64-linux-gnu/valgrind/vgpreload_memcheck-amd64-linux.so)
==252210==    by 0x48A583C: XOpenDisplay (in /usr/lib/x86_64-linux-gnu/libX11.so.6.3.0)
==252210==    by 0x10F3C7: mlx_init (in /nfs/homes/aucaland/Documents/tronc_commun/fdf2/fdf)
==252210==    by 0x10AB4E: init_mlx (in /nfs/homes/aucaland/Documents/tronc_commun/fdf2/fdf)
==252210==    by 0x10A8D2: main (in /nfs/homes/aucaland/Documents/tronc_commun/fdf2/fdf)
==252210== 
==252210== 24 bytes in 1 blocks are still reachable in loss record 7 of 53
==252210==    at 0x483B7F3: malloc (in /usr/lib/x86_64-linux-gnu/valgrind/vgpreload_memcheck-amd64-linux.so)
==252210==    by 0x4870351: XextCreateExtension (in /usr/lib/x86_64-linux-gnu/libXext.so.6.4.0)
==252210==    by 0x486FE1C: ??? (in /usr/lib/x86_64-linux-gnu/libXext.so.6.4.0)
==252210==    by 0x487019B: ??? (in /usr/lib/x86_64-linux-gnu/libXext.so.6.4.0)
==252210==    by 0x48705A2: XextAddDisplay (in /usr/lib/x86_64-linux-gnu/libXext.so.6.4.0)
==252210==    by 0x486B7B2: XShmQueryVersion (in /usr/lib/x86_64-linux-gnu/libXext.so.6.4.0)
==252210==    by 0x10F1D3: mlx_int_deal_shm (in /nfs/homes/aucaland/Documents/tronc_commun/fdf2/fdf)
==252210==    by 0x10F475: mlx_init (in /nfs/homes/aucaland/Documents/tronc_commun/fdf2/fdf)
==252210==    by 0x10AB4E: init_mlx (in /nfs/homes/aucaland/Documents/tronc_commun/fdf2/fdf)
==252210==    by 0x10A8D2: main (in /nfs/homes/aucaland/Documents/tronc_commun/fdf2/fdf)
==252210== 
==252210== 24 bytes in 1 blocks are still reachable in loss record 8 of 53
==252210==    at 0x483B7F3: malloc (in /usr/lib/x86_64-linux-gnu/valgrind/vgpreload_memcheck-amd64-linux.so)
==252210==    by 0x4BA238E: strdup (strdup.c:42)
==252210==    by 0x489F25E: XInitExtension (in /usr/lib/x86_64-linux-gnu/libX11.so.6.3.0)
==252210==    by 0x48703F0: XextAddDisplay (in /usr/lib/x86_64-linux-gnu/libXext.so.6.4.0)
==252210==    by 0x486FE5A: ??? (in /usr/lib/x86_64-linux-gnu/libXext.so.6.4.0)
==252210==    by 0x487019B: ??? (in /usr/lib/x86_64-linux-gnu/libXext.so.6.4.0)
==252210==    by 0x48705A2: XextAddDisplay (in /usr/lib/x86_64-linux-gnu/libXext.so.6.4.0)
==252210==    by 0x486B7B2: XShmQueryVersion (in /usr/lib/x86_64-linux-gnu/libXext.so.6.4.0)
==252210==    by 0x10F1D3: mlx_int_deal_shm (in /nfs/homes/aucaland/Documents/tronc_commun/fdf2/fdf)
==252210==    by 0x10F475: mlx_init (in /nfs/homes/aucaland/Documents/tronc_commun/fdf2/fdf)
==252210==    by 0x10AB4E: init_mlx (in /nfs/homes/aucaland/Documents/tronc_commun/fdf2/fdf)
==252210==    by 0x10A8D2: main (in /nfs/homes/aucaland/Documents/tronc_commun/fdf2/fdf)
==252210== 
==252210== 24 bytes in 1 blocks are still reachable in loss record 9 of 53
==252210==    at 0x483B7F3: malloc (in /usr/lib/x86_64-linux-gnu/valgrind/vgpreload_memcheck-amd64-linux.so)
==252210==    by 0x48701CD: ??? (in /usr/lib/x86_64-linux-gnu/libXext.so.6.4.0)
==252210==    by 0x48705A2: XextAddDisplay (in /usr/lib/x86_64-linux-gnu/libXext.so.6.4.0)
==252210==    by 0x486B7B2: XShmQueryVersion (in /usr/lib/x86_64-linux-gnu/libXext.so.6.4.0)
==252210==    by 0x10F1D3: mlx_int_deal_shm (in /nfs/homes/aucaland/Documents/tronc_commun/fdf2/fdf)
==252210==    by 0x10F475: mlx_init (in /nfs/homes/aucaland/Documents/tronc_commun/fdf2/fdf)
==252210==    by 0x10AB4E: init_mlx (in /nfs/homes/aucaland/Documents/tronc_commun/fdf2/fdf)
==252210==    by 0x10A8D2: main (in /nfs/homes/aucaland/Documents/tronc_commun/fdf2/fdf)
==252210== 
==252210== 24 bytes in 1 blocks are still reachable in loss record 10 of 53
==252210==    at 0x483B7F3: malloc (in /usr/lib/x86_64-linux-gnu/valgrind/vgpreload_memcheck-amd64-linux.so)
==252210==    by 0x48B52B5: ??? (in /usr/lib/x86_64-linux-gnu/libX11.so.6.3.0)
==252210==    by 0x48B5E89: _XReply (in /usr/lib/x86_64-linux-gnu/libX11.so.6.3.0)
==252210==    by 0x48B17F0: XSync (in /usr/lib/x86_64-linux-gnu/libX11.so.6.3.0)
==252210==    by 0x10FC19: mlx_int_new_xshm_image (in /nfs/homes/aucaland/Documents/tronc_commun/fdf2/fdf)
==252210==    by 0x10FE42: mlx_new_image (in /nfs/homes/aucaland/Documents/tronc_commun/fdf2/fdf)
==252210==    by 0x10D347: print_menu (in /nfs/homes/aucaland/Documents/tronc_commun/fdf2/fdf)
==252210==    by 0x10B037: ft_hook_keycode (in /nfs/homes/aucaland/Documents/tronc_commun/fdf2/fdf)
==252210==    by 0x10F7B5: mlx_loop (in /nfs/homes/aucaland/Documents/tronc_commun/fdf2/fdf)
==252210==    by 0x10A904: main (in /nfs/homes/aucaland/Documents/tronc_commun/fdf2/fdf)
==252210== 
==252210== 29 bytes in 1 blocks are still reachable in loss record 11 of 53
==252210==    at 0x483B7F3: malloc (in /usr/lib/x86_64-linux-gnu/valgrind/vgpreload_memcheck-amd64-linux.so)
==252210==    by 0x48A014D: _XUpdateAtomCache (in /usr/lib/x86_64-linux-gnu/libX11.so.6.3.0)
==252210==    by 0x48A0519: XInternAtom (in /usr/lib/x86_64-linux-gnu/libX11.so.6.3.0)
==252210==    by 0x10F466: mlx_init (in /nfs/homes/aucaland/Documents/tronc_commun/fdf2/fdf)
==252210==    by 0x10AB4E: init_mlx (in /nfs/homes/aucaland/Documents/tronc_commun/fdf2/fdf)
==252210==    by 0x10A8D2: main (in /nfs/homes/aucaland/Documents/tronc_commun/fdf2/fdf)
==252210== 
==252210== 32 bytes in 1 blocks are still reachable in loss record 12 of 53
==252210==    at 0x483B723: malloc (in /usr/lib/x86_64-linux-gnu/valgrind/vgpreload_memcheck-amd64-linux.so)
==252210==    by 0x483E017: realloc (in /usr/lib/x86_64-linux-gnu/valgrind/vgpreload_memcheck-amd64-linux.so)
==252210==    by 0x4D03B9E: ??? (in /usr/lib/x86_64-linux-gnu/libxcb.so.1.1.0)
==252210==    by 0x4D03C2B: xcb_get_extension_data (in /usr/lib/x86_64-linux-gnu/libxcb.so.1.1.0)
==252210==    by 0x4D0113E: xcb_prefetch_maximum_request_length (in /usr/lib/x86_64-linux-gnu/libxcb.so.1.1.0)
==252210==    by 0x4D011B4: xcb_get_maximum_request_length (in /usr/lib/x86_64-linux-gnu/libxcb.so.1.1.0)
==252210==    by 0x48A5CD8: XOpenDisplay (in /usr/lib/x86_64-linux-gnu/libX11.so.6.3.0)
==252210==    by 0x10F3C7: mlx_init (in /nfs/homes/aucaland/Documents/tronc_commun/fdf2/fdf)
==252210==    by 0x10AB4E: init_mlx (in /nfs/homes/aucaland/Documents/tronc_commun/fdf2/fdf)
==252210==    by 0x10A8D2: main (in /nfs/homes/aucaland/Documents/tronc_commun/fdf2/fdf)
==252210== 
==252210== 32 bytes in 1 blocks are still reachable in loss record 13 of 53
==252210==    at 0x483B7F3: malloc (in /usr/lib/x86_64-linux-gnu/valgrind/vgpreload_memcheck-amd64-linux.so)
==252210==    by 0x4D030C5: ??? (in /usr/lib/x86_64-linux-gnu/libxcb.so.1.1.0)
==252210==    by 0x4D00E9E: ??? (in /usr/lib/x86_64-linux-gnu/libxcb.so.1.1.0)
==252210==    by 0x4D0261E: ??? (in /usr/lib/x86_64-linux-gnu/libxcb.so.1.1.0)
==252210==    by 0x4D02734: xcb_wait_for_reply (in /usr/lib/x86_64-linux-gnu/libxcb.so.1.1.0)
==252210==    by 0x4D03C82: xcb_get_extension_data (in /usr/lib/x86_64-linux-gnu/libxcb.so.1.1.0)
==252210==    by 0x4D0113E: xcb_prefetch_maximum_request_length (in /usr/lib/x86_64-linux-gnu/libxcb.so.1.1.0)
==252210==    by 0x4D011B4: xcb_get_maximum_request_length (in /usr/lib/x86_64-linux-gnu/libxcb.so.1.1.0)
==252210==    by 0x48A5CD8: XOpenDisplay (in /usr/lib/x86_64-linux-gnu/libX11.so.6.3.0)
==252210==    by 0x10F3C7: mlx_init (in /nfs/homes/aucaland/Documents/tronc_commun/fdf2/fdf)
==252210==    by 0x10AB4E: init_mlx (in /nfs/homes/aucaland/Documents/tronc_commun/fdf2/fdf)
==252210==    by 0x10A8D2: main (in /nfs/homes/aucaland/Documents/tronc_commun/fdf2/fdf)
==252210== 
==252210== 32 bytes in 1 blocks are still reachable in loss record 14 of 53
==252210==    at 0x483B7F3: malloc (in /usr/lib/x86_64-linux-gnu/valgrind/vgpreload_memcheck-amd64-linux.so)
==252210==    by 0x48703CF: XextAddDisplay (in /usr/lib/x86_64-linux-gnu/libXext.so.6.4.0)
==252210==    by 0x486B7B2: XShmQueryVersion (in /usr/lib/x86_64-linux-gnu/libXext.so.6.4.0)
==252210==    by 0x10F1D3: mlx_int_deal_shm (in /nfs/homes/aucaland/Documents/tronc_commun/fdf2/fdf)
==252210==    by 0x10F475: mlx_init (in /nfs/homes/aucaland/Documents/tronc_commun/fdf2/fdf)
==252210==    by 0x10AB4E: init_mlx (in /nfs/homes/aucaland/Documents/tronc_commun/fdf2/fdf)
==252210==    by 0x10A8D2: main (in /nfs/homes/aucaland/Documents/tronc_commun/fdf2/fdf)
==252210== 
==252210== 32 bytes in 1 blocks are still reachable in loss record 15 of 53
==252210==    at 0x483B7F3: malloc (in /usr/lib/x86_64-linux-gnu/valgrind/vgpreload_memcheck-amd64-linux.so)
==252210==    by 0x48703CF: XextAddDisplay (in /usr/lib/x86_64-linux-gnu/libXext.so.6.4.0)
==252210==    by 0x486FE5A: ??? (in /usr/lib/x86_64-linux-gnu/libXext.so.6.4.0)
==252210==    by 0x487019B: ??? (in /usr/lib/x86_64-linux-gnu/libXext.so.6.4.0)
==252210==    by 0x48705A2: XextAddDisplay (in /usr/lib/x86_64-linux-gnu/libXext.so.6.4.0)
==252210==    by 0x486B7B2: XShmQueryVersion (in /usr/lib/x86_64-linux-gnu/libXext.so.6.4.0)
==252210==    by 0x10F1D3: mlx_int_deal_shm (in /nfs/homes/aucaland/Documents/tronc_commun/fdf2/fdf)
==252210==    by 0x10F475: mlx_init (in /nfs/homes/aucaland/Documents/tronc_commun/fdf2/fdf)
==252210==    by 0x10AB4E: init_mlx (in /nfs/homes/aucaland/Documents/tronc_commun/fdf2/fdf)
==252210==    by 0x10A8D2: main (in /nfs/homes/aucaland/Documents/tronc_commun/fdf2/fdf)
==252210== 
==252210== 33 bytes in 1 blocks are still reachable in loss record 16 of 53
==252210==    at 0x483B7F3: malloc (in /usr/lib/x86_64-linux-gnu/valgrind/vgpreload_memcheck-amd64-linux.so)
==252210==    by 0x48A014D: _XUpdateAtomCache (in /usr/lib/x86_64-linux-gnu/libX11.so.6.3.0)
==252210==    by 0x48A0519: XInternAtom (in /usr/lib/x86_64-linux-gnu/libX11.so.6.3.0)
==252210==    by 0x10F44F: mlx_init (in /nfs/homes/aucaland/Documents/tronc_commun/fdf2/fdf)
==252210==    by 0x10AB4E: init_mlx (in /nfs/homes/aucaland/Documents/tronc_commun/fdf2/fdf)
==252210==    by 0x10A8D2: main (in /nfs/homes/aucaland/Documents/tronc_commun/fdf2/fdf)
==252210== 
==252210== 40 bytes in 1 blocks are still reachable in loss record 17 of 53
==252210==    at 0x483B7F3: malloc (in /usr/lib/x86_64-linux-gnu/valgrind/vgpreload_memcheck-amd64-linux.so)
==252210==    by 0x48B6DD1: _XPollfdCacheInit (in /usr/lib/x86_64-linux-gnu/libX11.so.6.3.0)
==252210==    by 0x48A566F: XOpenDisplay (in /usr/lib/x86_64-linux-gnu/libX11.so.6.3.0)
==252210==    by 0x10F3C7: mlx_init (in /nfs/homes/aucaland/Documents/tronc_commun/fdf2/fdf)
==252210==    by 0x10AB4E: init_mlx (in /nfs/homes/aucaland/Documents/tronc_commun/fdf2/fdf)
==252210==    by 0x10A8D2: main (in /nfs/homes/aucaland/Documents/tronc_commun/fdf2/fdf)
==252210== 
==252210== 48 bytes in 1 blocks are still reachable in loss record 18 of 53
==252210==    at 0x483B7F3: malloc (in /usr/lib/x86_64-linux-gnu/valgrind/vgpreload_memcheck-amd64-linux.so)
==252210==    by 0x48B4CB1: _XConnectXCB (in /usr/lib/x86_64-linux-gnu/libX11.so.6.3.0)
==252210==    by 0x48A53A8: XOpenDisplay (in /usr/lib/x86_64-linux-gnu/libX11.so.6.3.0)
==252210==    by 0x10F3C7: mlx_init (in /nfs/homes/aucaland/Documents/tronc_commun/fdf2/fdf)
==252210==    by 0x10AB4E: init_mlx (in /nfs/homes/aucaland/Documents/tronc_commun/fdf2/fdf)
==252210==    by 0x10A8D2: main (in /nfs/homes/aucaland/Documents/tronc_commun/fdf2/fdf)
==252210== 
==252210== 48 bytes in 1 blocks are still reachable in loss record 19 of 53
==252210==    at 0x483B7F3: malloc (in /usr/lib/x86_64-linux-gnu/valgrind/vgpreload_memcheck-amd64-linux.so)
==252210==    by 0x48B4CC7: _XConnectXCB (in /usr/lib/x86_64-linux-gnu/libX11.so.6.3.0)
==252210==    by 0x48A53A8: XOpenDisplay (in /usr/lib/x86_64-linux-gnu/libX11.so.6.3.0)
==252210==    by 0x10F3C7: mlx_init (in /nfs/homes/aucaland/Documents/tronc_commun/fdf2/fdf)
==252210==    by 0x10AB4E: init_mlx (in /nfs/homes/aucaland/Documents/tronc_commun/fdf2/fdf)
==252210==    by 0x10A8D2: main (in /nfs/homes/aucaland/Documents/tronc_commun/fdf2/fdf)
==252210== 
==252210== 48 bytes in 1 blocks are still reachable in loss record 20 of 53
==252210==    at 0x483DD99: calloc (in /usr/lib/x86_64-linux-gnu/valgrind/vgpreload_memcheck-amd64-linux.so)
==252210==    by 0x49066E0: XkbGetMap (in /usr/lib/x86_64-linux-gnu/libX11.so.6.3.0)
==252210==    by 0x4902968: ??? (in /usr/lib/x86_64-linux-gnu/libX11.so.6.3.0)
==252210==    by 0x4902E57: XkbKeycodeToKeysym (in /usr/lib/x86_64-linux-gnu/libX11.so.6.3.0)
==252210==    by 0x1102A7: mlx_int_param_KeyPress (in /nfs/homes/aucaland/Documents/tronc_commun/fdf2/fdf)
==252210==    by 0x10F7B5: mlx_loop (in /nfs/homes/aucaland/Documents/tronc_commun/fdf2/fdf)
==252210==    by 0x10A904: main (in /nfs/homes/aucaland/Documents/tronc_commun/fdf2/fdf)
==252210== 
==252210== 72 bytes in 1 blocks are still reachable in loss record 21 of 53
==252210==    at 0x483DD99: calloc (in /usr/lib/x86_64-linux-gnu/valgrind/vgpreload_memcheck-amd64-linux.so)
==252210==    by 0x48A5721: XOpenDisplay (in /usr/lib/x86_64-linux-gnu/libX11.so.6.3.0)
==252210==    by 0x10F3C7: mlx_init (in /nfs/homes/aucaland/Documents/tronc_commun/fdf2/fdf)
==252210==    by 0x10AB4E: init_mlx (in /nfs/homes/aucaland/Documents/tronc_commun/fdf2/fdf)
==252210==    by 0x10A8D2: main (in /nfs/homes/aucaland/Documents/tronc_commun/fdf2/fdf)
==252210== 
==252210== 72 bytes in 1 blocks are still reachable in loss record 22 of 53
==252210==    at 0x483DD99: calloc (in /usr/lib/x86_64-linux-gnu/valgrind/vgpreload_memcheck-amd64-linux.so)
==252210==    by 0x49066C4: XkbGetMap (in /usr/lib/x86_64-linux-gnu/libX11.so.6.3.0)
==252210==    by 0x4902968: ??? (in /usr/lib/x86_64-linux-gnu/libX11.so.6.3.0)
==252210==    by 0x4902E57: XkbKeycodeToKeysym (in /usr/lib/x86_64-linux-gnu/libX11.so.6.3.0)
==252210==    by 0x1102A7: mlx_int_param_KeyPress (in /nfs/homes/aucaland/Documents/tronc_commun/fdf2/fdf)
==252210==    by 0x10F7B5: mlx_loop (in /nfs/homes/aucaland/Documents/tronc_commun/fdf2/fdf)
==252210==    by 0x10A904: main (in /nfs/homes/aucaland/Documents/tronc_commun/fdf2/fdf)
==252210== 
==252210== 104 bytes in 1 blocks are still reachable in loss record 23 of 53
==252210==    at 0x483DD99: calloc (in /usr/lib/x86_64-linux-gnu/valgrind/vgpreload_memcheck-amd64-linux.so)
==252210==    by 0x48B4BB2: _XConnectXCB (in /usr/lib/x86_64-linux-gnu/libX11.so.6.3.0)
==252210==    by 0x48A53A8: XOpenDisplay (in /usr/lib/x86_64-linux-gnu/libX11.so.6.3.0)
==252210==    by 0x10F3C7: mlx_init (in /nfs/homes/aucaland/Documents/tronc_commun/fdf2/fdf)
==252210==    by 0x10AB4E: init_mlx (in /nfs/homes/aucaland/Documents/tronc_commun/fdf2/fdf)
==252210==    by 0x10A8D2: main (in /nfs/homes/aucaland/Documents/tronc_commun/fdf2/fdf)
==252210== 
==252210== 112 bytes in 1 blocks are still reachable in loss record 24 of 53
==252210==    at 0x483DD99: calloc (in /usr/lib/x86_64-linux-gnu/valgrind/vgpreload_memcheck-amd64-linux.so)
==252210==    by 0x48A59A0: XOpenDisplay (in /usr/lib/x86_64-linux-gnu/libX11.so.6.3.0)
==252210==    by 0x10F3C7: mlx_init (in /nfs/homes/aucaland/Documents/tronc_commun/fdf2/fdf)
==252210==    by 0x10AB4E: init_mlx (in /nfs/homes/aucaland/Documents/tronc_commun/fdf2/fdf)
==252210==    by 0x10A8D2: main (in /nfs/homes/aucaland/Documents/tronc_commun/fdf2/fdf)
==252210== 
==252210== 128 bytes in 1 blocks are still reachable in loss record 25 of 53
==252210==    at 0x483DD99: calloc (in /usr/lib/x86_64-linux-gnu/valgrind/vgpreload_memcheck-amd64-linux.so)
==252210==    by 0x48A58D0: XOpenDisplay (in /usr/lib/x86_64-linux-gnu/libX11.so.6.3.0)
==252210==    by 0x10F3C7: mlx_init (in /nfs/homes/aucaland/Documents/tronc_commun/fdf2/fdf)
==252210==    by 0x10AB4E: init_mlx (in /nfs/homes/aucaland/Documents/tronc_commun/fdf2/fdf)
==252210==    by 0x10A8D2: main (in /nfs/homes/aucaland/Documents/tronc_commun/fdf2/fdf)
==252210== 
==252210== 128 bytes in 1 blocks are still reachable in loss record 26 of 53
==252210==    at 0x483DD99: calloc (in /usr/lib/x86_64-linux-gnu/valgrind/vgpreload_memcheck-amd64-linux.so)
==252210==    by 0x489F24E: XInitExtension (in /usr/lib/x86_64-linux-gnu/libX11.so.6.3.0)
==252210==    by 0x490BC43: XkbUseExtension (in /usr/lib/x86_64-linux-gnu/libX11.so.6.3.0)
==252210==    by 0x48A5E19: XOpenDisplay (in /usr/lib/x86_64-linux-gnu/libX11.so.6.3.0)
==252210==    by 0x10F3C7: mlx_init (in /nfs/homes/aucaland/Documents/tronc_commun/fdf2/fdf)
==252210==    by 0x10AB4E: init_mlx (in /nfs/homes/aucaland/Documents/tronc_commun/fdf2/fdf)
==252210==    by 0x10A8D2: main (in /nfs/homes/aucaland/Documents/tronc_commun/fdf2/fdf)
==252210== 
==252210== 128 bytes in 1 blocks are still reachable in loss record 27 of 53
==252210==    at 0x483DD99: calloc (in /usr/lib/x86_64-linux-gnu/valgrind/vgpreload_memcheck-amd64-linux.so)
==252210==    by 0x489F24E: XInitExtension (in /usr/lib/x86_64-linux-gnu/libX11.so.6.3.0)
==252210==    by 0x48703F0: XextAddDisplay (in /usr/lib/x86_64-linux-gnu/libXext.so.6.4.0)
==252210==    by 0x486B7B2: XShmQueryVersion (in /usr/lib/x86_64-linux-gnu/libXext.so.6.4.0)
==252210==    by 0x10F1D3: mlx_int_deal_shm (in /nfs/homes/aucaland/Documents/tronc_commun/fdf2/fdf)
==252210==    by 0x10F475: mlx_init (in /nfs/homes/aucaland/Documents/tronc_commun/fdf2/fdf)
==252210==    by 0x10AB4E: init_mlx (in /nfs/homes/aucaland/Documents/tronc_commun/fdf2/fdf)
==252210==    by 0x10A8D2: main (in /nfs/homes/aucaland/Documents/tronc_commun/fdf2/fdf)
==252210== 
==252210== 128 bytes in 1 blocks are still reachable in loss record 28 of 53
==252210==    at 0x483DD99: calloc (in /usr/lib/x86_64-linux-gnu/valgrind/vgpreload_memcheck-amd64-linux.so)
==252210==    by 0x489F24E: XInitExtension (in /usr/lib/x86_64-linux-gnu/libX11.so.6.3.0)
==252210==    by 0x48703F0: XextAddDisplay (in /usr/lib/x86_64-linux-gnu/libXext.so.6.4.0)
==252210==    by 0x486FE5A: ??? (in /usr/lib/x86_64-linux-gnu/libXext.so.6.4.0)
==252210==    by 0x487019B: ??? (in /usr/lib/x86_64-linux-gnu/libXext.so.6.4.0)
==252210==    by 0x48705A2: XextAddDisplay (in /usr/lib/x86_64-linux-gnu/libXext.so.6.4.0)
==252210==    by 0x486B7B2: XShmQueryVersion (in /usr/lib/x86_64-linux-gnu/libXext.so.6.4.0)
==252210==    by 0x10F1D3: mlx_int_deal_shm (in /nfs/homes/aucaland/Documents/tronc_commun/fdf2/fdf)
==252210==    by 0x10F475: mlx_init (in /nfs/homes/aucaland/Documents/tronc_commun/fdf2/fdf)
==252210==    by 0x10AB4E: init_mlx (in /nfs/homes/aucaland/Documents/tronc_commun/fdf2/fdf)
==252210==    by 0x10A8D2: main (in /nfs/homes/aucaland/Documents/tronc_commun/fdf2/fdf)
==252210== 
==252210== 136 bytes in 1 blocks are still reachable in loss record 29 of 53
==252210==    at 0x483B7F3: malloc (in /usr/lib/x86_64-linux-gnu/valgrind/vgpreload_memcheck-amd64-linux.so)
==252210==    by 0x10F3AF: mlx_init (in /nfs/homes/aucaland/Documents/tronc_commun/fdf2/fdf)
==252210==    by 0x10AB4E: init_mlx (in /nfs/homes/aucaland/Documents/tronc_commun/fdf2/fdf)
==252210==    by 0x10A8D2: main (in /nfs/homes/aucaland/Documents/tronc_commun/fdf2/fdf)
==252210== 
==252210== 149 bytes in 1 blocks are still reachable in loss record 30 of 53
==252210==    at 0x483B7F3: malloc (in /usr/lib/x86_64-linux-gnu/valgrind/vgpreload_memcheck-amd64-linux.so)
==252210==    by 0x48A5E81: XOpenDisplay (in /usr/lib/x86_64-linux-gnu/libX11.so.6.3.0)
==252210==    by 0x10F3C7: mlx_init (in /nfs/homes/aucaland/Documents/tronc_commun/fdf2/fdf)
==252210==    by 0x10AB4E: init_mlx (in /nfs/homes/aucaland/Documents/tronc_commun/fdf2/fdf)
==252210==    by 0x10A8D2: main (in /nfs/homes/aucaland/Documents/tronc_commun/fdf2/fdf)
==252210== 
==252210== 152 bytes in 1 blocks are still reachable in loss record 31 of 53
==252210==    at 0x483DD99: calloc (in /usr/lib/x86_64-linux-gnu/valgrind/vgpreload_memcheck-amd64-linux.so)
==252210==    by 0x490BE3E: XkbUseExtension (in /usr/lib/x86_64-linux-gnu/libX11.so.6.3.0)
==252210==    by 0x48A5E19: XOpenDisplay (in /usr/lib/x86_64-linux-gnu/libX11.so.6.3.0)
==252210==    by 0x10F3C7: mlx_init (in /nfs/homes/aucaland/Documents/tronc_commun/fdf2/fdf)
==252210==    by 0x10AB4E: init_mlx (in /nfs/homes/aucaland/Documents/tronc_commun/fdf2/fdf)
==252210==    by 0x10A8D2: main (in /nfs/homes/aucaland/Documents/tronc_commun/fdf2/fdf)
==252210== 
==252210== 160 bytes in 1 blocks are still reachable in loss record 32 of 53
==252210==    at 0x483B7F3: malloc (in /usr/lib/x86_64-linux-gnu/valgrind/vgpreload_memcheck-amd64-linux.so)
==252210==    by 0x489382F: XCreateGC (in /usr/lib/x86_64-linux-gnu/libX11.so.6.3.0)
==252210==    by 0x48A5D48: XOpenDisplay (in /usr/lib/x86_64-linux-gnu/libX11.so.6.3.0)
==252210==    by 0x10F3C7: mlx_init (in /nfs/homes/aucaland/Documents/tronc_commun/fdf2/fdf)
==252210==    by 0x10AB4E: init_mlx (in /nfs/homes/aucaland/Documents/tronc_commun/fdf2/fdf)
==252210==    by 0x10A8D2: main (in /nfs/homes/aucaland/Documents/tronc_commun/fdf2/fdf)
==252210== 
==252210== 168 bytes in 1 blocks are still reachable in loss record 33 of 53
==252210==    at 0x483DD99: calloc (in /usr/lib/x86_64-linux-gnu/valgrind/vgpreload_memcheck-amd64-linux.so)
==252210==    by 0x48A5C37: XOpenDisplay (in /usr/lib/x86_64-linux-gnu/libX11.so.6.3.0)
==252210==    by 0x10F3C7: mlx_init (in /nfs/homes/aucaland/Documents/tronc_commun/fdf2/fdf)
==252210==    by 0x10AB4E: init_mlx (in /nfs/homes/aucaland/Documents/tronc_commun/fdf2/fdf)
==252210==    by 0x10A8D2: main (in /nfs/homes/aucaland/Documents/tronc_commun/fdf2/fdf)
==252210== 
==252210== 208 bytes in 1 blocks are still reachable in loss record 34 of 53
==252210==    at 0x483B7F3: malloc (in /usr/lib/x86_64-linux-gnu/valgrind/vgpreload_memcheck-amd64-linux.so)
==252210==    by 0x48700F9: ??? (in /usr/lib/x86_64-linux-gnu/libXext.so.6.4.0)
==252210==    by 0x48701AE: ??? (in /usr/lib/x86_64-linux-gnu/libXext.so.6.4.0)
==252210==    by 0x48705A2: XextAddDisplay (in /usr/lib/x86_64-linux-gnu/libXext.so.6.4.0)
==252210==    by 0x486B7B2: XShmQueryVersion (in /usr/lib/x86_64-linux-gnu/libXext.so.6.4.0)
==252210==    by 0x10F1D3: mlx_int_deal_shm (in /nfs/homes/aucaland/Documents/tronc_commun/fdf2/fdf)
==252210==    by 0x10F475: mlx_init (in /nfs/homes/aucaland/Documents/tronc_commun/fdf2/fdf)
==252210==    by 0x10AB4E: init_mlx (in /nfs/homes/aucaland/Documents/tronc_commun/fdf2/fdf)
==252210==    by 0x10A8D2: main (in /nfs/homes/aucaland/Documents/tronc_commun/fdf2/fdf)
==252210== 
==252210== 208 bytes in 1 blocks are still reachable in loss record 35 of 53
==252210==    at 0x483B7F3: malloc (in /usr/lib/x86_64-linux-gnu/valgrind/vgpreload_memcheck-amd64-linux.so)
==252210==    by 0x48B853E: _XEnq (in /usr/lib/x86_64-linux-gnu/libX11.so.6.3.0)
==252210==    by 0x48B50B6: ??? (in /usr/lib/x86_64-linux-gnu/libX11.so.6.3.0)
==252210==    by 0x48B5B10: _XReadEvents (in /usr/lib/x86_64-linux-gnu/libX11.so.6.3.0)
==252210==    by 0x48B4039: XWindowEvent (in /usr/lib/x86_64-linux-gnu/libX11.so.6.3.0)
==252210==    by 0x10F905: mlx_int_wait_first_expose (in /nfs/homes/aucaland/Documents/tronc_commun/fdf2/fdf)
==252210==    by 0x10F62D: mlx_new_window (in /nfs/homes/aucaland/Documents/tronc_commun/fdf2/fdf)
==252210==    by 0x10AB70: init_mlx (in /nfs/homes/aucaland/Documents/tronc_commun/fdf2/fdf)
==252210==    by 0x10A8D2: main (in /nfs/homes/aucaland/Documents/tronc_commun/fdf2/fdf)
==252210== 
==252210== 208 bytes in 1 blocks are still reachable in loss record 36 of 53
==252210==    at 0x483B7F3: malloc (in /usr/lib/x86_64-linux-gnu/valgrind/vgpreload_memcheck-amd64-linux.so)
==252210==    by 0x48B853E: _XEnq (in /usr/lib/x86_64-linux-gnu/libX11.so.6.3.0)
==252210==    by 0x48B50B6: ??? (in /usr/lib/x86_64-linux-gnu/libX11.so.6.3.0)
==252210==    by 0x48B59E1: _XEventsQueued (in /usr/lib/x86_64-linux-gnu/libX11.so.6.3.0)
==252210==    by 0x4896CCD: XFlush (in /usr/lib/x86_64-linux-gnu/libX11.so.6.3.0)
==252210==    by 0x10FAA7: mlx_string_put (in /nfs/homes/aucaland/Documents/tronc_commun/fdf2/fdf)
==252210==    by 0x10D26C: print_menu_curr_colors (in /nfs/homes/aucaland/Documents/tronc_commun/fdf2/fdf)
==252210==    by 0x10A8E2: main (in /nfs/homes/aucaland/Documents/tronc_commun/fdf2/fdf)
==252210== 
==252210== 208 bytes in 1 blocks are still reachable in loss record 37 of 53
==252210==    at 0x483B7F3: malloc (in /usr/lib/x86_64-linux-gnu/valgrind/vgpreload_memcheck-amd64-linux.so)
==252210==    by 0x48B853E: _XEnq (in /usr/lib/x86_64-linux-gnu/libX11.so.6.3.0)
==252210==    by 0x48B50B6: ??? (in /usr/lib/x86_64-linux-gnu/libX11.so.6.3.0)
==252210==    by 0x48B59E1: _XEventsQueued (in /usr/lib/x86_64-linux-gnu/libX11.so.6.3.0)
==252210==    by 0x4896CCD: XFlush (in /usr/lib/x86_64-linux-gnu/libX11.so.6.3.0)
==252210==    by 0x10FAA7: mlx_string_put (in /nfs/homes/aucaland/Documents/tronc_commun/fdf2/fdf)
==252210==    by 0x10CF2C: print_menu_guide.part.0 (in /nfs/homes/aucaland/Documents/tronc_commun/fdf2/fdf)
==252210==    by 0x10A8EF: main (in /nfs/homes/aucaland/Documents/tronc_commun/fdf2/fdf)
==252210== 
==252210== 256 bytes in 1 blocks are still reachable in loss record 38 of 53
==252210==    at 0x483DD99: calloc (in /usr/lib/x86_64-linux-gnu/valgrind/vgpreload_memcheck-amd64-linux.so)
==252210==    by 0x49145DD: XkbAllocClientMap (in /usr/lib/x86_64-linux-gnu/libX11.so.6.3.0)
==252210==    by 0x490645D: _XkbReadGetMapReply (in /usr/lib/x86_64-linux-gnu/libX11.so.6.3.0)
==252210==    by 0x49065BD: ??? (in /usr/lib/x86_64-linux-gnu/libX11.so.6.3.0)
==252210==    by 0x490664C: XkbGetUpdatedMap (in /usr/lib/x86_64-linux-gnu/libX11.so.6.3.0)
==252210==    by 0x4906714: XkbGetMap (in /usr/lib/x86_64-linux-gnu/libX11.so.6.3.0)
==252210==    by 0x4902968: ??? (in /usr/lib/x86_64-linux-gnu/libX11.so.6.3.0)
==252210==    by 0x4902E57: XkbKeycodeToKeysym (in /usr/lib/x86_64-linux-gnu/libX11.so.6.3.0)
==252210==    by 0x1102A7: mlx_int_param_KeyPress (in /nfs/homes/aucaland/Documents/tronc_commun/fdf2/fdf)
==252210==    by 0x10F7B5: mlx_loop (in /nfs/homes/aucaland/Documents/tronc_commun/fdf2/fdf)
==252210==    by 0x10A904: main (in /nfs/homes/aucaland/Documents/tronc_commun/fdf2/fdf)
==252210== 
==252210== 344 bytes in 6 blocks are still reachable in loss record 39 of 53
==252210==    at 0x483DD99: calloc (in /usr/lib/x86_64-linux-gnu/valgrind/vgpreload_memcheck-amd64-linux.so)
==252210==    by 0x4905DD5: _XkbReadGetMapReply (in /usr/lib/x86_64-linux-gnu/libX11.so.6.3.0)
==252210==    by 0x49065BD: ??? (in /usr/lib/x86_64-linux-gnu/libX11.so.6.3.0)
==252210==    by 0x490664C: XkbGetUpdatedMap (in /usr/lib/x86_64-linux-gnu/libX11.so.6.3.0)
==252210==    by 0x4906714: XkbGetMap (in /usr/lib/x86_64-linux-gnu/libX11.so.6.3.0)
==252210==    by 0x4902968: ??? (in /usr/lib/x86_64-linux-gnu/libX11.so.6.3.0)
==252210==    by 0x4902E57: XkbKeycodeToKeysym (in /usr/lib/x86_64-linux-gnu/libX11.so.6.3.0)
==252210==    by 0x1102A7: mlx_int_param_KeyPress (in /nfs/homes/aucaland/Documents/tronc_commun/fdf2/fdf)
==252210==    by 0x10F7B5: mlx_loop (in /nfs/homes/aucaland/Documents/tronc_commun/fdf2/fdf)
==252210==    by 0x10A904: main (in /nfs/homes/aucaland/Documents/tronc_commun/fdf2/fdf)
==252210== 
==252210== 512 bytes in 1 blocks are still reachable in loss record 40 of 53
==252210==    at 0x483DD99: calloc (in /usr/lib/x86_64-linux-gnu/valgrind/vgpreload_memcheck-amd64-linux.so)
==252210==    by 0x48A00BA: ??? (in /usr/lib/x86_64-linux-gnu/libX11.so.6.3.0)
==252210==    by 0x48A043E: XInternAtom (in /usr/lib/x86_64-linux-gnu/libX11.so.6.3.0)
==252210==    by 0x10F44F: mlx_init (in /nfs/homes/aucaland/Documents/tronc_commun/fdf2/fdf)
==252210==    by 0x10AB4E: init_mlx (in /nfs/homes/aucaland/Documents/tronc_commun/fdf2/fdf)
==252210==    by 0x10A8D2: main (in /nfs/homes/aucaland/Documents/tronc_commun/fdf2/fdf)
==252210== 
==252210== 624 bytes in 3 blocks are still reachable in loss record 41 of 53
==252210==    at 0x483B7F3: malloc (in /usr/lib/x86_64-linux-gnu/valgrind/vgpreload_memcheck-amd64-linux.so)
==252210==    by 0x48B853E: _XEnq (in /usr/lib/x86_64-linux-gnu/libX11.so.6.3.0)
==252210==    by 0x48B50B6: ??? (in /usr/lib/x86_64-linux-gnu/libX11.so.6.3.0)
==252210==    by 0x48B5B10: _XReadEvents (in /usr/lib/x86_64-linux-gnu/libX11.so.6.3.0)
==252210==    by 0x48B4070: XWindowEvent (in /usr/lib/x86_64-linux-gnu/libX11.so.6.3.0)
==252210==    by 0x10F905: mlx_int_wait_first_expose (in /nfs/homes/aucaland/Documents/tronc_commun/fdf2/fdf)
==252210==    by 0x10F62D: mlx_new_window (in /nfs/homes/aucaland/Documents/tronc_commun/fdf2/fdf)
==252210==    by 0x10AB70: init_mlx (in /nfs/homes/aucaland/Documents/tronc_commun/fdf2/fdf)
==252210==    by 0x10A8D2: main (in /nfs/homes/aucaland/Documents/tronc_commun/fdf2/fdf)
==252210== 
==252210== 832 bytes in 4 blocks are still reachable in loss record 42 of 53
==252210==    at 0x483B7F3: malloc (in /usr/lib/x86_64-linux-gnu/valgrind/vgpreload_memcheck-amd64-linux.so)
==252210==    by 0x48B853E: _XEnq (in /usr/lib/x86_64-linux-gnu/libX11.so.6.3.0)
==252210==    by 0x48B50B6: ??? (in /usr/lib/x86_64-linux-gnu/libX11.so.6.3.0)
==252210==    by 0x48B601C: _XReply (in /usr/lib/x86_64-linux-gnu/libX11.so.6.3.0)
==252210==    by 0x48B17F0: XSync (in /usr/lib/x86_64-linux-gnu/libX11.so.6.3.0)
==252210==    by 0x10FC19: mlx_int_new_xshm_image (in /nfs/homes/aucaland/Documents/tronc_commun/fdf2/fdf)
==252210==    by 0x10FE42: mlx_new_image (in /nfs/homes/aucaland/Documents/tronc_commun/fdf2/fdf)
==252210==    by 0x10C132: create_img (in /nfs/homes/aucaland/Documents/tronc_commun/fdf2/fdf)
==252210==    by 0x10A8E2: main (in /nfs/homes/aucaland/Documents/tronc_commun/fdf2/fdf)
==252210== 
==252210== 1,120 bytes in 1 blocks are still reachable in loss record 43 of 53
==252210==    at 0x483DD99: calloc (in /usr/lib/x86_64-linux-gnu/valgrind/vgpreload_memcheck-amd64-linux.so)
==252210==    by 0x49146A1: XkbAllocClientMap (in /usr/lib/x86_64-linux-gnu/libX11.so.6.3.0)
==252210==    by 0x490626F: _XkbReadGetMapReply (in /usr/lib/x86_64-linux-gnu/libX11.so.6.3.0)
==252210==    by 0x49065BD: ??? (in /usr/lib/x86_64-linux-gnu/libX11.so.6.3.0)
==252210==    by 0x490664C: XkbGetUpdatedMap (in /usr/lib/x86_64-linux-gnu/libX11.so.6.3.0)
==252210==    by 0x4906714: XkbGetMap (in /usr/lib/x86_64-linux-gnu/libX11.so.6.3.0)
==252210==    by 0x4902968: ??? (in /usr/lib/x86_64-linux-gnu/libX11.so.6.3.0)
==252210==    by 0x4902E57: XkbKeycodeToKeysym (in /usr/lib/x86_64-linux-gnu/libX11.so.6.3.0)
==252210==    by 0x1102A7: mlx_int_param_KeyPress (in /nfs/homes/aucaland/Documents/tronc_commun/fdf2/fdf)
==252210==    by 0x10F7B5: mlx_loop (in /nfs/homes/aucaland/Documents/tronc_commun/fdf2/fdf)
==252210==    by 0x10A904: main (in /nfs/homes/aucaland/Documents/tronc_commun/fdf2/fdf)
==252210== 
==252210== 1,664 bytes in 8 blocks are still reachable in loss record 44 of 53
==252210==    at 0x483B7F3: malloc (in /usr/lib/x86_64-linux-gnu/valgrind/vgpreload_memcheck-amd64-linux.so)
==252210==    by 0x48B853E: _XEnq (in /usr/lib/x86_64-linux-gnu/libX11.so.6.3.0)
==252210==    by 0x48B50B6: ??? (in /usr/lib/x86_64-linux-gnu/libX11.so.6.3.0)
==252210==    by 0x48B5B59: _XReadEvents (in /usr/lib/x86_64-linux-gnu/libX11.so.6.3.0)
==252210==    by 0x48B4039: XWindowEvent (in /usr/lib/x86_64-linux-gnu/libX11.so.6.3.0)
==252210==    by 0x10F905: mlx_int_wait_first_expose (in /nfs/homes/aucaland/Documents/tronc_commun/fdf2/fdf)
==252210==    by 0x10F62D: mlx_new_window (in /nfs/homes/aucaland/Documents/tronc_commun/fdf2/fdf)
==252210==    by 0x10AB70: init_mlx (in /nfs/homes/aucaland/Documents/tronc_commun/fdf2/fdf)
==252210==    by 0x10A8D2: main (in /nfs/homes/aucaland/Documents/tronc_commun/fdf2/fdf)
==252210== 
==252210== 2,028 bytes in 27 blocks are still reachable in loss record 45 of 53
==252210==    at 0x483DD99: calloc (in /usr/lib/x86_64-linux-gnu/valgrind/vgpreload_memcheck-amd64-linux.so)
==252210==    by 0x4905BBD: _XkbReadGetMapReply (in /usr/lib/x86_64-linux-gnu/libX11.so.6.3.0)
==252210==    by 0x49065BD: ??? (in /usr/lib/x86_64-linux-gnu/libX11.so.6.3.0)
==252210==    by 0x490664C: XkbGetUpdatedMap (in /usr/lib/x86_64-linux-gnu/libX11.so.6.3.0)
==252210==    by 0x4906714: XkbGetMap (in /usr/lib/x86_64-linux-gnu/libX11.so.6.3.0)
==252210==    by 0x4902968: ??? (in /usr/lib/x86_64-linux-gnu/libX11.so.6.3.0)
==252210==    by 0x4902E57: XkbKeycodeToKeysym (in /usr/lib/x86_64-linux-gnu/libX11.so.6.3.0)
==252210==    by 0x1102A7: mlx_int_param_KeyPress (in /nfs/homes/aucaland/Documents/tronc_commun/fdf2/fdf)
==252210==    by 0x10F7B5: mlx_loop (in /nfs/homes/aucaland/Documents/tronc_commun/fdf2/fdf)
==252210==    by 0x10A904: main (in /nfs/homes/aucaland/Documents/tronc_commun/fdf2/fdf)
==252210== 
==252210== 2,048 bytes in 1 blocks are still reachable in loss record 46 of 53
==252210==    at 0x483DD99: calloc (in /usr/lib/x86_64-linux-gnu/valgrind/vgpreload_memcheck-amd64-linux.so)
==252210==    by 0x4905DF4: _XkbReadGetMapReply (in /usr/lib/x86_64-linux-gnu/libX11.so.6.3.0)
==252210==    by 0x49065BD: ??? (in /usr/lib/x86_64-linux-gnu/libX11.so.6.3.0)
==252210==    by 0x490664C: XkbGetUpdatedMap (in /usr/lib/x86_64-linux-gnu/libX11.so.6.3.0)
==252210==    by 0x4906714: XkbGetMap (in /usr/lib/x86_64-linux-gnu/libX11.so.6.3.0)
==252210==    by 0x4902968: ??? (in /usr/lib/x86_64-linux-gnu/libX11.so.6.3.0)
==252210==    by 0x4902E57: XkbKeycodeToKeysym (in /usr/lib/x86_64-linux-gnu/libX11.so.6.3.0)
==252210==    by 0x1102A7: mlx_int_param_KeyPress (in /nfs/homes/aucaland/Documents/tronc_commun/fdf2/fdf)
==252210==    by 0x10F7B5: mlx_loop (in /nfs/homes/aucaland/Documents/tronc_commun/fdf2/fdf)
==252210==    by 0x10A904: main (in /nfs/homes/aucaland/Documents/tronc_commun/fdf2/fdf)
==252210== 
==252210== 2,080 bytes in 10 blocks are still reachable in loss record 47 of 53
==252210==    at 0x483B7F3: malloc (in /usr/lib/x86_64-linux-gnu/valgrind/vgpreload_memcheck-amd64-linux.so)
==252210==    by 0x48B853E: _XEnq (in /usr/lib/x86_64-linux-gnu/libX11.so.6.3.0)
==252210==    by 0x48B50B6: ??? (in /usr/lib/x86_64-linux-gnu/libX11.so.6.3.0)
==252210==    by 0x48B5B59: _XReadEvents (in /usr/lib/x86_64-linux-gnu/libX11.so.6.3.0)
==252210==    by 0x48B4070: XWindowEvent (in /usr/lib/x86_64-linux-gnu/libX11.so.6.3.0)
==252210==    by 0x10F905: mlx_int_wait_first_expose (in /nfs/homes/aucaland/Documents/tronc_commun/fdf2/fdf)
==252210==    by 0x10F62D: mlx_new_window (in /nfs/homes/aucaland/Documents/tronc_commun/fdf2/fdf)
==252210==    by 0x10AB70: init_mlx (in /nfs/homes/aucaland/Documents/tronc_commun/fdf2/fdf)
==252210==    by 0x10A8D2: main (in /nfs/homes/aucaland/Documents/tronc_commun/fdf2/fdf)
==252210== 
==252210== 4,096 bytes in 1 blocks are still reachable in loss record 48 of 53
==252210==    at 0x483DD99: calloc (in /usr/lib/x86_64-linux-gnu/valgrind/vgpreload_memcheck-amd64-linux.so)
==252210==    by 0x49064EC: _XkbReadGetMapReply (in /usr/lib/x86_64-linux-gnu/libX11.so.6.3.0)
==252210==    by 0x49065BD: ??? (in /usr/lib/x86_64-linux-gnu/libX11.so.6.3.0)
==252210==    by 0x490664C: XkbGetUpdatedMap (in /usr/lib/x86_64-linux-gnu/libX11.so.6.3.0)
==252210==    by 0x4906714: XkbGetMap (in /usr/lib/x86_64-linux-gnu/libX11.so.6.3.0)
==252210==    by 0x4902968: ??? (in /usr/lib/x86_64-linux-gnu/libX11.so.6.3.0)
==252210==    by 0x4902E57: XkbKeycodeToKeysym (in /usr/lib/x86_64-linux-gnu/libX11.so.6.3.0)
==252210==    by 0x1102A7: mlx_int_param_KeyPress (in /nfs/homes/aucaland/Documents/tronc_commun/fdf2/fdf)
==252210==    by 0x10F7B5: mlx_loop (in /nfs/homes/aucaland/Documents/tronc_commun/fdf2/fdf)
==252210==    by 0x10A904: main (in /nfs/homes/aucaland/Documents/tronc_commun/fdf2/fdf)
==252210== 
==252210== 4,688 bytes in 1 blocks are still reachable in loss record 49 of 53
==252210==    at 0x483DD99: calloc (in /usr/lib/x86_64-linux-gnu/valgrind/vgpreload_memcheck-amd64-linux.so)
==252210==    by 0x48A5371: XOpenDisplay (in /usr/lib/x86_64-linux-gnu/libX11.so.6.3.0)
==252210==    by 0x10F3C7: mlx_init (in /nfs/homes/aucaland/Documents/tronc_commun/fdf2/fdf)
==252210==    by 0x10AB4E: init_mlx (in /nfs/homes/aucaland/Documents/tronc_commun/fdf2/fdf)
==252210==    by 0x10A8D2: main (in /nfs/homes/aucaland/Documents/tronc_commun/fdf2/fdf)
==252210== 
==252210== 12,308 bytes in 1 blocks are still reachable in loss record 50 of 53
==252210==    at 0x483DFAF: realloc (in /usr/lib/x86_64-linux-gnu/valgrind/vgpreload_memcheck-amd64-linux.so)
==252210==    by 0x4D00A62: xcb_connect_to_fd (in /usr/lib/x86_64-linux-gnu/libxcb.so.1.1.0)
==252210==    by 0x4D04B72: xcb_connect_to_display_with_auth_info (in /usr/lib/x86_64-linux-gnu/libxcb.so.1.1.0)
==252210==    by 0x48B4D29: _XConnectXCB (in /usr/lib/x86_64-linux-gnu/libX11.so.6.3.0)
==252210==    by 0x48A53A8: XOpenDisplay (in /usr/lib/x86_64-linux-gnu/libX11.so.6.3.0)
==252210==    by 0x10F3C7: mlx_init (in /nfs/homes/aucaland/Documents/tronc_commun/fdf2/fdf)
==252210==    by 0x10AB4E: init_mlx (in /nfs/homes/aucaland/Documents/tronc_commun/fdf2/fdf)
==252210==    by 0x10A8D2: main (in /nfs/homes/aucaland/Documents/tronc_commun/fdf2/fdf)
==252210== 
==252210== 16,384 bytes in 1 blocks are still reachable in loss record 51 of 53
==252210==    at 0x483DD99: calloc (in /usr/lib/x86_64-linux-gnu/valgrind/vgpreload_memcheck-amd64-linux.so)
==252210==    by 0x48A56BF: XOpenDisplay (in /usr/lib/x86_64-linux-gnu/libX11.so.6.3.0)
==252210==    by 0x10F3C7: mlx_init (in /nfs/homes/aucaland/Documents/tronc_commun/fdf2/fdf)
==252210==    by 0x10AB4E: init_mlx (in /nfs/homes/aucaland/Documents/tronc_commun/fdf2/fdf)
==252210==    by 0x10A8D2: main (in /nfs/homes/aucaland/Documents/tronc_commun/fdf2/fdf)
==252210== 
==252210== 21,168 bytes in 1 blocks are still reachable in loss record 52 of 53
==252210==    at 0x483DD99: calloc (in /usr/lib/x86_64-linux-gnu/valgrind/vgpreload_memcheck-amd64-linux.so)
==252210==    by 0x4D00884: xcb_connect_to_fd (in /usr/lib/x86_64-linux-gnu/libxcb.so.1.1.0)
==252210==    by 0x4D04B72: xcb_connect_to_display_with_auth_info (in /usr/lib/x86_64-linux-gnu/libxcb.so.1.1.0)
==252210==    by 0x48B4D29: _XConnectXCB (in /usr/lib/x86_64-linux-gnu/libX11.so.6.3.0)
==252210==    by 0x48A53A8: XOpenDisplay (in /usr/lib/x86_64-linux-gnu/libX11.so.6.3.0)
==252210==    by 0x10F3C7: mlx_init (in /nfs/homes/aucaland/Documents/tronc_commun/fdf2/fdf)
==252210==    by 0x10AB4E: init_mlx (in /nfs/homes/aucaland/Documents/tronc_commun/fdf2/fdf)
==252210==    by 0x10A8D2: main (in /nfs/homes/aucaland/Documents/tronc_commun/fdf2/fdf)
==252210== 
==252210== 28,224 bytes in 2 blocks are still reachable in loss record 53 of 53
==252210==    at 0x483DD99: calloc (in /usr/lib/x86_64-linux-gnu/valgrind/vgpreload_memcheck-amd64-linux.so)
==252210==    by 0x48A5A24: XOpenDisplay (in /usr/lib/x86_64-linux-gnu/libX11.so.6.3.0)
==252210==    by 0x10F3C7: mlx_init (in /nfs/homes/aucaland/Documents/tronc_commun/fdf2/fdf)
==252210==    by 0x10AB4E: init_mlx (in /nfs/homes/aucaland/Documents/tronc_commun/fdf2/fdf)
==252210==    by 0x10A8D2: main (in /nfs/homes/aucaland/Documents/tronc_commun/fdf2/fdf)
==252210== 
==252210== LEAK SUMMARY:
==252210==    definitely lost: 0 bytes in 0 blocks
==252210==    indirectly lost: 0 bytes in 0 blocks
==252210==      possibly lost: 0 bytes in 0 blocks
==252210==    still reachable: 101,381 bytes in 106 blocks
==252210==         suppressed: 0 bytes in 0 blocks
==252210== 
==252210== For lists of detected and suppressed errors, rerun with: -s
==252210== ERROR SUMMARY: 0 errors from 0 contexts (suppressed: 1 from 1)
